{
  "stats": {
    "suites": 1,
    "tests": 3,
    "passes": 3,
    "pending": 0,
    "failures": 0,
    "start": "2026-04-08T21:19:53.299Z",
    "end": "2026-04-08T21:19:55.373Z",
    "duration": 2074,
    "testsRegistered": 3,
    "passPercent": 100,
    "pendingPercent": 0,
    "other": 0,
    "hasOther": false,
    "skipped": 0,
    "hasSkipped": false
  },
  "results": [
    {
      "uuid": "95572ab7-5d54-42c6-b0d4-0f257d4f202e",
      "title": "",
      "fullFile": "cypress/e2e/login.cy.js",
      "file": "cypress/e2e/login.cy.js",
      "beforeHooks": [],
      "afterHooks": [],
      "tests": [],
      "suites": [
        {
          "uuid": "abfc9b6d-8909-4a92-8dc5-635e2102e1b9",
          "title": "Scénario fonctionnel - Connexion",
          "fullFile": "",
          "file": "",
          "beforeHooks": [],
          "afterHooks": [],
          "tests": [
            {
              "title": "La page de connexion affiche bien le formulaire",
              "fullTitle": "Scénario fonctionnel - Connexion La page de connexion affiche bien le formulaire",
              "timedOut": null,
              "duration": 155,
              "state": "passed",
              "speed": "fast",
              "pass": true,
              "fail": false,
              "pending": false,
              "context": null,
              "code": "cy.get('[data-cy=\"login-input-username\"]').should(\"be.visible\");\ncy.get('input[type=\"password\"]').should(\"be.visible\");\ncy.get('[data-cy=\"login-submit\"]').should(\"be.visible\");",
              "err": {},
              "uuid": "4ffb1e93-7a89-4dd8-8f1d-efb0b1caf164",
              "parentUUID": "abfc9b6d-8909-4a92-8dc5-635e2102e1b9",
              "isHook": false,
              "skipped": false
            },
            {
              "title": "Connexion réussie avec des identifiants valides",
              "fullTitle": "Scénario fonctionnel - Connexion Connexion réussie avec des identifiants valides",
              "timedOut": null,
              "duration": 1190,
              "state": "passed",
              "speed": "fast",
              "pass": true,
              "fail": false,
              "pending": false,
              "context": null,
              "code": "cy.fixture(\"credentials\").then(credentials => {\n  cy.get('[data-cy=\"login-input-username\"]').type(credentials.email);\n  cy.get('input[type=\"password\"]').type(credentials.password);\n  cy.get('[data-cy=\"login-submit\"]').click();\n  cy.contains(\"Déconnexion\", {\n    timeout: 10000\n  }).should(\"be.visible\");\n  cy.contains(\"Mon panier\").should(\"be.visible\");\n});",
              "err": {},
              "uuid": "2084e0dd-914a-47c2-bb18-b39ffbd8fc8e",
              "parentUUID": "abfc9b6d-8909-4a92-8dc5-635e2102e1b9",
              "isHook": false,
              "skipped": false
            },
            {
              "title": "Connexion échouée avec des identifiants invalides",
              "fullTitle": "Scénario fonctionnel - Connexion Connexion échouée avec des identifiants invalides",
              "timedOut": null,
              "duration": 685,
              "state": "passed",
              "speed": "fast",
              "pass": true,
              "fail": false,
              "pending": false,
              "context": null,
              "code": "cy.get('[data-cy=\"login-input-username\"]').type(\"mauvais@email.fr\");\ncy.get('input[type=\"password\"]').type(\"mauvaismdp\");\ncy.get('[data-cy=\"login-submit\"]').click();\ncy.url().should(\"include\", \"/login\");",
              "err": {},
              "uuid": "14da0473-48c3-4c10-95a8-2df4694c8bd6",
              "parentUUID": "abfc9b6d-8909-4a92-8dc5-635e2102e1b9",
              "isHook": false,
              "skipped": false
            }
          ],
          "suites": [],
          "passes": [
            "4ffb1e93-7a89-4dd8-8f1d-efb0b1caf164",
            "2084e0dd-914a-47c2-bb18-b39ffbd8fc8e",
            "14da0473-48c3-4c10-95a8-2df4694c8bd6"
          ],
          "failures": [],
          "pending": [],
          "skipped": [],
          "duration": 2030,
          "root": false,
          "rootEmpty": false,
          "_timeout": 2000
        }
      ],
      "passes": [],
      "failures": [],
      "pending": [],
      "skipped": [],
      "duration": 0,
      "root": true,
      "rootEmpty": true,
      "_timeout": 2000
    }
  ],
  "meta": {
    "mocha": {
      "version": "7.2.0"
    },
    "mochawesome": {
      "options": {
        "quiet": false,
        "reportFilename": "mochawesome",
        "saveHtml": false,
        "saveJson": true,
        "consoleReporter": "spec",
        "useInlineDiffs": false,
        "code": true
      },
      "version": "7.1.4"
    },
    "marge": {
      "options": {
        "reportDir": "mochawesome-report",
        "overwrite": false,
        "html": false,
        "json": true
      },
      "version": "6.3.2"
    }
  }
}