{
  "stats": {
    "suites": 1,
    "tests": 1,
    "passes": 1,
    "pending": 0,
    "failures": 0,
    "start": "2026-04-08T21:19:57.921Z",
    "end": "2026-04-08T21:20:00.056Z",
    "duration": 2135,
    "testsRegistered": 1,
    "passPercent": 100,
    "pendingPercent": 0,
    "other": 0,
    "hasOther": false,
    "skipped": 0,
    "hasSkipped": false
  },
  "results": [
    {
      "uuid": "921c2228-b5d4-4587-b510-57f858903b9b",
      "title": "",
      "fullFile": "cypress/e2e/xss.cy.js",
      "file": "cypress/e2e/xss.cy.js",
      "beforeHooks": [],
      "afterHooks": [],
      "tests": [],
      "suites": [
        {
          "uuid": "e30fdbc6-fdb8-4f05-b200-239fc558567f",
          "title": "Test faille XSS",
          "fullFile": "",
          "file": "",
          "beforeHooks": [],
          "afterHooks": [],
          "tests": [
            {
              "title": "Le script XSS ne doit pas être exécuté dans les commentaires",
              "fullTitle": "Test faille XSS Le script XSS ne doit pas être exécuté dans les commentaires",
              "timedOut": null,
              "duration": 2105,
              "state": "passed",
              "speed": "fast",
              "pass": true,
              "fail": false,
              "pending": false,
              "context": null,
              "code": "cy.get('[data-cy=\"review-input-title\"]').type(\"Test XSS\");\ncy.get('[data-cy=\"review-input-comment\"]').type('<script>alert(\"XSS\")</script>');\ncy.get('[data-cy=\"review-submit\"]').click();\ncy.on(\"window:alert\", () => {\n  throw new Error(\"Faille XSS détectée : une popup alert a été déclenchée !\");\n});\ncy.get(\"app-reviews\").should(\"not.contain\", \"<script>\");",
              "err": {},
              "uuid": "a6cefbac-6130-4038-bd1e-4d9d5fdac8a3",
              "parentUUID": "e30fdbc6-fdb8-4f05-b200-239fc558567f",
              "isHook": false,
              "skipped": false
            }
          ],
          "suites": [],
          "passes": [
            "a6cefbac-6130-4038-bd1e-4d9d5fdac8a3"
          ],
          "failures": [],
          "pending": [],
          "skipped": [],
          "duration": 2105,
          "root": false,
          "rootEmpty": false,
          "_timeout": 2000
        }
      ],
      "passes": [],
      "failures": [],
      "pending": [],
      "skipped": [],
      "duration": 0,
      "root": true,
      "rootEmpty": true,
      "_timeout": 2000
    }
  ],
  "meta": {
    "mocha": {
      "version": "7.2.0"
    },
    "mochawesome": {
      "options": {
        "quiet": false,
        "reportFilename": "mochawesome",
        "saveHtml": false,
        "saveJson": true,
        "consoleReporter": "spec",
        "useInlineDiffs": false,
        "code": true
      },
      "version": "7.1.4"
    },
    "marge": {
      "options": {
        "reportDir": "mochawesome-report",
        "overwrite": false,
        "html": false,
        "json": true
      },
      "version": "6.3.2"
    }
  }
}