{
  "stats": {
    "suites": 1,
    "tests": 2,
    "passes": 2,
    "pending": 0,
    "failures": 0,
    "start": "2026-04-08T21:51:47.912Z",
    "end": "2026-04-08T21:51:49.274Z",
    "duration": 1362,
    "testsRegistered": 2,
    "passPercent": 100,
    "pendingPercent": 0,
    "other": 0,
    "hasOther": false,
    "skipped": 0,
    "hasSkipped": false
  },
  "results": [
    {
      "uuid": "52e60919-a275-4044-84cc-cbdfc5b61ab3",
      "title": "",
      "fullFile": "cypress/e2e/smoke.cy.js",
      "file": "cypress/e2e/smoke.cy.js",
      "beforeHooks": [],
      "afterHooks": [],
      "tests": [],
      "suites": [
        {
          "uuid": "cdf9ff49-4e40-40c8-84b1-65b5c63b48cf",
          "title": "Smoke Tests",
          "fullFile": "",
          "file": "",
          "beforeHooks": [],
          "afterHooks": [],
          "tests": [
            {
              "title": "La page de connexion affiche les champs et le bouton",
              "fullTitle": "Smoke Tests La page de connexion affiche les champs et le bouton",
              "timedOut": null,
              "duration": 154,
              "state": "passed",
              "speed": "fast",
              "pass": true,
              "fail": false,
              "pending": false,
              "context": null,
              "code": "cy.visit(\"/#/login\");\ncy.get('[data-cy=\"login-input-username\"]').should(\"be.visible\");\ncy.get('input[type=\"password\"]').should(\"be.visible\");\ncy.get('[data-cy=\"login-submit\"]').should(\"be.visible\");",
              "err": {},
              "uuid": "9bd16e22-9025-4634-aad0-57ad9798f842",
              "parentUUID": "cdf9ff49-4e40-40c8-84b1-65b5c63b48cf",
              "isHook": false,
              "skipped": false
            },
            {
              "title": "Le bouton \"Ajouter au panier\" est visible sur une fiche produit quand connecté",
              "fullTitle": "Smoke Tests Le bouton \"Ajouter au panier\" est visible sur une fiche produit quand connecté",
              "timedOut": null,
              "duration": 1195,
              "state": "passed",
              "speed": "fast",
              "pass": true,
              "fail": false,
              "pending": false,
              "context": null,
              "code": "cy.loginByForm();\ncy.visit(\"/#/products/5\");\ncy.contains(\"Ajouter au panier\").should(\"be.visible\");",
              "err": {},
              "uuid": "e8fc71a3-ea59-424f-aaf9-2988587e4700",
              "parentUUID": "cdf9ff49-4e40-40c8-84b1-65b5c63b48cf",
              "isHook": false,
              "skipped": false
            }
          ],
          "suites": [],
          "passes": [
            "9bd16e22-9025-4634-aad0-57ad9798f842",
            "e8fc71a3-ea59-424f-aaf9-2988587e4700"
          ],
          "failures": [],
          "pending": [],
          "skipped": [],
          "duration": 1349,
          "root": false,
          "rootEmpty": false,
          "_timeout": 2000
        }
      ],
      "passes": [],
      "failures": [],
      "pending": [],
      "skipped": [],
      "duration": 0,
      "root": true,
      "rootEmpty": true,
      "_timeout": 2000
    }
  ],
  "meta": {
    "mocha": {
      "version": "7.2.0"
    },
    "mochawesome": {
      "options": {
        "quiet": false,
        "reportFilename": "mochawesome",
        "saveHtml": false,
        "saveJson": true,
        "consoleReporter": "spec",
        "useInlineDiffs": false,
        "code": true
      },
      "version": "7.1.4"
    },
    "marge": {
      "options": {
        "reportDir": "mochawesome-report",
        "overwrite": false,
        "html": false,
        "json": true
      },
      "version": "6.3.2"
    }
  }
}