{
  "stats": {
    "suites": 1,
    "tests": 3,
    "passes": 3,
    "pending": 0,
    "failures": 0,
    "start": "2026-04-08T22:28:41.279Z",
    "end": "2026-04-08T22:28:43.339Z",
    "duration": 2060,
    "testsRegistered": 3,
    "passPercent": 100,
    "pendingPercent": 0,
    "other": 0,
    "hasOther": false,
    "skipped": 0,
    "hasSkipped": false
  },
  "results": [
    {
      "uuid": "0d11673f-1b86-496e-b3da-978bbb6e334c",
      "title": "",
      "fullFile": "cypress/e2e/login.cy.js",
      "file": "cypress/e2e/login.cy.js",
      "beforeHooks": [],
      "afterHooks": [],
      "tests": [],
      "suites": [
        {
          "uuid": "94fa185c-ba8a-4730-9ec1-4c5f5acae193",
          "title": "Scénario fonctionnel - Connexion",
          "fullFile": "",
          "file": "",
          "beforeHooks": [],
          "afterHooks": [],
          "tests": [
            {
              "title": "La page de connexion affiche bien le formulaire",
              "fullTitle": "Scénario fonctionnel - Connexion La page de connexion affiche bien le formulaire",
              "timedOut": null,
              "duration": 161,
              "state": "passed",
              "speed": "fast",
              "pass": true,
              "fail": false,
              "pending": false,
              "context": null,
              "code": "cy.get('[data-cy=\"login-input-username\"]').should(\"be.visible\");\ncy.get('input[type=\"password\"]').should(\"be.visible\");\ncy.get('[data-cy=\"login-submit\"]').should(\"be.visible\");",
              "err": {},
              "uuid": "1d77f58c-e8be-46de-95e7-292f18d4a1ae",
              "parentUUID": "94fa185c-ba8a-4730-9ec1-4c5f5acae193",
              "isHook": false,
              "skipped": false
            },
            {
              "title": "Connexion réussie avec des identifiants valides",
              "fullTitle": "Scénario fonctionnel - Connexion Connexion réussie avec des identifiants valides",
              "timedOut": null,
              "duration": 1160,
              "state": "passed",
              "speed": "fast",
              "pass": true,
              "fail": false,
              "pending": false,
              "context": null,
              "code": "cy.fixture(\"credentials\").then(credentials => {\n  cy.get('[data-cy=\"login-input-username\"]').type(credentials.email);\n  cy.get('input[type=\"password\"]').type(credentials.password);\n  cy.get('[data-cy=\"login-submit\"]').click();\n  cy.contains(\"Déconnexion\", {\n    timeout: 10000\n  }).should(\"be.visible\");\n  cy.contains(\"Mon panier\").should(\"be.visible\");\n});",
              "err": {},
              "uuid": "0a3d7f26-f41b-4dbd-9f4d-66332e1bab2d",
              "parentUUID": "94fa185c-ba8a-4730-9ec1-4c5f5acae193",
              "isHook": false,
              "skipped": false
            },
            {
              "title": "Connexion échouée avec des identifiants invalides",
              "fullTitle": "Scénario fonctionnel - Connexion Connexion échouée avec des identifiants invalides",
              "timedOut": null,
              "duration": 697,
              "state": "passed",
              "speed": "fast",
              "pass": true,
              "fail": false,
              "pending": false,
              "context": null,
              "code": "cy.get('[data-cy=\"login-input-username\"]').type(\"mauvais@email.fr\");\ncy.get('input[type=\"password\"]').type(\"mauvaismdp\");\ncy.get('[data-cy=\"login-submit\"]').click();\ncy.url().should(\"include\", \"/login\");",
              "err": {},
              "uuid": "b89eeb1e-1441-4541-95b8-e20dad0629bc",
              "parentUUID": "94fa185c-ba8a-4730-9ec1-4c5f5acae193",
              "isHook": false,
              "skipped": false
            }
          ],
          "suites": [],
          "passes": [
            "1d77f58c-e8be-46de-95e7-292f18d4a1ae",
            "0a3d7f26-f41b-4dbd-9f4d-66332e1bab2d",
            "b89eeb1e-1441-4541-95b8-e20dad0629bc"
          ],
          "failures": [],
          "pending": [],
          "skipped": [],
          "duration": 2018,
          "root": false,
          "rootEmpty": false,
          "_timeout": 2000
        }
      ],
      "passes": [],
      "failures": [],
      "pending": [],
      "skipped": [],
      "duration": 0,
      "root": true,
      "rootEmpty": true,
      "_timeout": 2000
    }
  ],
  "meta": {
    "mocha": {
      "version": "7.2.0"
    },
    "mochawesome": {
      "options": {
        "quiet": false,
        "reportFilename": "mochawesome",
        "saveHtml": false,
        "saveJson": true,
        "consoleReporter": "spec",
        "useInlineDiffs": false,
        "code": true
      },
      "version": "7.1.4"
    },
    "marge": {
      "options": {
        "reportDir": "mochawesome-report",
        "overwrite": false,
        "html": false,
        "json": true
      },
      "version": "6.3.2"
    }
  }
}