{
  "stats": {
    "suites": 1,
    "tests": 7,
    "passes": 5,
    "pending": 0,
    "failures": 2,
    "start": "2026-04-08T22:28:30.597Z",
    "end": "2026-04-08T22:28:35.067Z",
    "duration": 4470,
    "testsRegistered": 7,
    "passPercent": 71.42857142857143,
    "pendingPercent": 0,
    "other": 0,
    "hasOther": false,
    "skipped": 0,
    "hasSkipped": false
  },
  "results": [
    {
      "uuid": "874ea9ce-ee6e-41d2-92c7-75b3ecc8fdce",
      "title": "",
      "fullFile": "cypress/e2e/api.cy.js",
      "file": "cypress/e2e/api.cy.js",
      "beforeHooks": [],
      "afterHooks": [],
      "tests": [],
      "suites": [
        {
          "uuid": "bc4d1952-b0a5-45f3-9456-290e368e8d6f",
          "title": "Tests API",
          "fullFile": "",
          "file": "",
          "beforeHooks": [],
          "afterHooks": [],
          "tests": [
            {
              "title": "GET /orders sans token doit retourner 401",
              "fullTitle": "Tests API GET /orders sans token doit retourner 401",
              "timedOut": null,
              "duration": 554,
              "state": "passed",
              "speed": "fast",
              "pass": true,
              "fail": false,
              "pending": false,
              "context": null,
              "code": "cy.request({\n  method: \"GET\",\n  url: `${baseUrl}/orders`,\n  failOnStatusCode: false\n}).then(resp => {\n  expect(resp.status).to.eq(401);\n});",
              "err": {},
              "uuid": "0d46c535-09a6-476f-b8fe-296931b53994",
              "parentUUID": "bc4d1952-b0a5-45f3-9456-290e368e8d6f",
              "isHook": false,
              "skipped": false
            },
            {
              "title": "GET /orders connecté doit retourner 200",
              "fullTitle": "Tests API GET /orders connecté doit retourner 200",
              "timedOut": null,
              "duration": 545,
              "state": "passed",
              "speed": "fast",
              "pass": true,
              "fail": false,
              "pending": false,
              "context": null,
              "code": "cy.request({\n  method: \"GET\",\n  url: `${baseUrl}/orders`,\n  headers: {\n    Authorization: `Bearer ${token}`\n  },\n  failOnStatusCode: false\n}).then(resp => {\n  // Bug connu : retourne 404 au lieu de 200\n  expect(resp.status).to.eq(200);\n});",
              "err": {},
              "uuid": "d9dce6ad-3bac-47eb-bec6-b7d7b99b8a44",
              "parentUUID": "bc4d1952-b0a5-45f3-9456-290e368e8d6f",
              "isHook": false,
              "skipped": false
            },
            {
              "title": "GET /products/{id} doit retourner la fiche produit",
              "fullTitle": "Tests API GET /products/{id} doit retourner la fiche produit",
              "timedOut": null,
              "duration": 651,
              "state": "failed",
              "speed": null,
              "pass": false,
              "fail": true,
              "pending": false,
              "context": null,
              "code": "cy.request({\n  method: \"GET\",\n  url: `${baseUrl}/products/1`,\n  headers: {\n    Authorization: `Bearer ${token}`\n  },\n  failOnStatusCode: false\n}).then(resp => {\n  // Bug connu : retourne 404 au lieu de 200\n  expect(resp.status).to.eq(200);\n  expect(resp.body).to.have.property(\"name\");\n  expect(resp.body).to.have.property(\"price\");\n});",
              "err": {
                "message": "AssertionError: expected 404 to equal 200",
                "estack": "AssertionError: expected 404 to equal 200\n    at Context.eval (webpack://eco-bliss-bath/./cypress/e2e/api.cy.js:46:29)\n    at getRet (http://localhost:4200/__cypress/runner/cypress_runner.js:122798:20)\n    at tryCatcher (http://localhost:4200/__cypress/runner/cypress_runner.js:1777:23)\n    at Promise.attempt.Promise.try (http://localhost:4200/__cypress/runner/cypress_runner.js:4285:29)\n    at Context.thenFn (http://localhost:4200/__cypress/runner/cypress_runner.js:122809:66)\n    at Context.then (http://localhost:4200/__cypress/runner/cypress_runner.js:123060:21)",
                "diff": "- 404\n+ 200\n"
              },
              "uuid": "22b2c4fc-16c8-4e80-9a07-dfdfed821257",
              "parentUUID": "bc4d1952-b0a5-45f3-9456-290e368e8d6f",
              "isHook": false,
              "skipped": false
            },
            {
              "title": "POST /login utilisateur inconnu doit retourner 401",
              "fullTitle": "Tests API POST /login utilisateur inconnu doit retourner 401",
              "timedOut": null,
              "duration": 536,
              "state": "passed",
              "speed": "fast",
              "pass": true,
              "fail": false,
              "pending": false,
              "context": null,
              "code": "cy.request({\n  method: \"POST\",\n  url: `${baseUrl}/login`,\n  body: {\n    username: \"inconnu@test.fr\",\n    password: \"wrongpassword\"\n  },\n  failOnStatusCode: false\n}).then(resp => {\n  expect(resp.status).to.eq(401);\n});",
              "err": {},
              "uuid": "29da67fc-da15-4505-bc9b-921738e74f3d",
              "parentUUID": "bc4d1952-b0a5-45f3-9456-290e368e8d6f",
              "isHook": false,
              "skipped": false
            },
            {
              "title": "POST /login utilisateur connu doit retourner 200",
              "fullTitle": "Tests API POST /login utilisateur connu doit retourner 200",
              "timedOut": null,
              "duration": 900,
              "state": "passed",
              "speed": "fast",
              "pass": true,
              "fail": false,
              "pending": false,
              "context": null,
              "code": "cy.request({\n  method: \"POST\",\n  url: `${baseUrl}/login`,\n  body: credentials\n}).then(resp => {\n  expect(resp.status).to.eq(200);\n  expect(resp.body).to.have.property(\"token\");\n});",
              "err": {},
              "uuid": "62d46c3e-1a95-4cf1-839d-107ec300ae47",
              "parentUUID": "bc4d1952-b0a5-45f3-9456-290e368e8d6f",
              "isHook": false,
              "skipped": false
            },
            {
              "title": "PUT /orders/add doit ajouter un produit au panier",
              "fullTitle": "Tests API PUT /orders/add doit ajouter un produit au panier",
              "timedOut": null,
              "duration": 662,
              "state": "failed",
              "speed": null,
              "pass": false,
              "fail": true,
              "pending": false,
              "context": null,
              "code": "cy.request({\n  method: \"PUT\",\n  url: `${baseUrl}/orders/add`,\n  headers: {\n    Authorization: `Bearer ${token}`\n  },\n  body: {\n    product: \"/api/products/1\",\n    quantity: 1\n  },\n  failOnStatusCode: false\n}).then(resp => {\n  // Bug connu : retourne 400 au lieu de 200\n  expect(resp.status).to.eq(200);\n});",
              "err": {
                "message": "AssertionError: expected 400 to equal 200",
                "estack": "AssertionError: expected 400 to equal 200\n    at Context.eval (webpack://eco-bliss-bath/./cypress/e2e/api.cy.js:83:29)\n    at getRet (http://localhost:4200/__cypress/runner/cypress_runner.js:122798:20)\n    at tryCatcher (http://localhost:4200/__cypress/runner/cypress_runner.js:1777:23)\n    at Promise.attempt.Promise.try (http://localhost:4200/__cypress/runner/cypress_runner.js:4285:29)\n    at Context.thenFn (http://localhost:4200/__cypress/runner/cypress_runner.js:122809:66)\n    at Context.then (http://localhost:4200/__cypress/runner/cypress_runner.js:123060:21)",
                "diff": "- 400\n+ 200\n"
              },
              "uuid": "c51e8c4b-4c6a-4b7f-a6c1-900b69dd8352",
              "parentUUID": "bc4d1952-b0a5-45f3-9456-290e368e8d6f",
              "isHook": false,
              "skipped": false
            },
            {
              "title": "POST /reviews doit ajouter un avis",
              "fullTitle": "Tests API POST /reviews doit ajouter un avis",
              "timedOut": null,
              "duration": 545,
              "state": "passed",
              "speed": "fast",
              "pass": true,
              "fail": false,
              "pending": false,
              "context": null,
              "code": "cy.request({\n  method: \"POST\",\n  url: `${baseUrl}/reviews`,\n  headers: {\n    Authorization: `Bearer ${token}`\n  },\n  body: {\n    title: \"Super produit\",\n    comment: \"Très bon savon !\",\n    rating: 5\n  }\n}).then(resp => {\n  expect(resp.status).to.eq(200);\n});",
              "err": {},
              "uuid": "2e1e8f28-affd-4abb-9d79-7a17f94bb4ec",
              "parentUUID": "bc4d1952-b0a5-45f3-9456-290e368e8d6f",
              "isHook": false,
              "skipped": false
            }
          ],
          "suites": [],
          "passes": [
            "0d46c535-09a6-476f-b8fe-296931b53994",
            "d9dce6ad-3bac-47eb-bec6-b7d7b99b8a44",
            "29da67fc-da15-4505-bc9b-921738e74f3d",
            "62d46c3e-1a95-4cf1-839d-107ec300ae47",
            "2e1e8f28-affd-4abb-9d79-7a17f94bb4ec"
          ],
          "failures": [
            "22b2c4fc-16c8-4e80-9a07-dfdfed821257",
            "c51e8c4b-4c6a-4b7f-a6c1-900b69dd8352"
          ],
          "pending": [],
          "skipped": [],
          "duration": 4393,
          "root": false,
          "rootEmpty": false,
          "_timeout": 2000
        }
      ],
      "passes": [],
      "failures": [],
      "pending": [],
      "skipped": [],
      "duration": 0,
      "root": true,
      "rootEmpty": true,
      "_timeout": 2000
    }
  ],
  "meta": {
    "mocha": {
      "version": "7.2.0"
    },
    "mochawesome": {
      "options": {
        "quiet": false,
        "reportFilename": "mochawesome",
        "saveHtml": false,
        "saveJson": true,
        "consoleReporter": "spec",
        "useInlineDiffs": false,
        "code": true
      },
      "version": "7.1.4"
    },
    "marge": {
      "options": {
        "reportDir": "mochawesome-report",
        "overwrite": false,
        "html": false,
        "json": true
      },
      "version": "6.3.2"
    }
  }
}