{
  "stats": {
    "suites": 1,
    "tests": 3,
    "passes": 3,
    "pending": 0,
    "failures": 0,
    "start": "2026-04-08T21:51:45.274Z",
    "end": "2026-04-08T21:51:47.366Z",
    "duration": 2092,
    "testsRegistered": 3,
    "passPercent": 100,
    "pendingPercent": 0,
    "other": 0,
    "hasOther": false,
    "skipped": 0,
    "hasSkipped": false
  },
  "results": [
    {
      "uuid": "1b2f30a4-55f0-4687-85a4-cba8d1faea57",
      "title": "",
      "fullFile": "cypress/e2e/login.cy.js",
      "file": "cypress/e2e/login.cy.js",
      "beforeHooks": [],
      "afterHooks": [],
      "tests": [],
      "suites": [
        {
          "uuid": "fbed7af5-f496-48af-9a10-28c1cc94d7d1",
          "title": "Scénario fonctionnel - Connexion",
          "fullFile": "",
          "file": "",
          "beforeHooks": [],
          "afterHooks": [],
          "tests": [
            {
              "title": "La page de connexion affiche bien le formulaire",
              "fullTitle": "Scénario fonctionnel - Connexion La page de connexion affiche bien le formulaire",
              "timedOut": null,
              "duration": 159,
              "state": "passed",
              "speed": "fast",
              "pass": true,
              "fail": false,
              "pending": false,
              "context": null,
              "code": "cy.get('[data-cy=\"login-input-username\"]').should(\"be.visible\");\ncy.get('input[type=\"password\"]').should(\"be.visible\");\ncy.get('[data-cy=\"login-submit\"]').should(\"be.visible\");",
              "err": {},
              "uuid": "c09a9a26-ff89-43de-ad46-7325ec376be3",
              "parentUUID": "fbed7af5-f496-48af-9a10-28c1cc94d7d1",
              "isHook": false,
              "skipped": false
            },
            {
              "title": "Connexion réussie avec des identifiants valides",
              "fullTitle": "Scénario fonctionnel - Connexion Connexion réussie avec des identifiants valides",
              "timedOut": null,
              "duration": 1213,
              "state": "passed",
              "speed": "fast",
              "pass": true,
              "fail": false,
              "pending": false,
              "context": null,
              "code": "cy.fixture(\"credentials\").then(credentials => {\n  cy.get('[data-cy=\"login-input-username\"]').type(credentials.email);\n  cy.get('input[type=\"password\"]').type(credentials.password);\n  cy.get('[data-cy=\"login-submit\"]').click();\n  cy.contains(\"Déconnexion\", {\n    timeout: 10000\n  }).should(\"be.visible\");\n  cy.contains(\"Mon panier\").should(\"be.visible\");\n});",
              "err": {},
              "uuid": "875d2ef2-00a2-46df-971c-45a875b71587",
              "parentUUID": "fbed7af5-f496-48af-9a10-28c1cc94d7d1",
              "isHook": false,
              "skipped": false
            },
            {
              "title": "Connexion échouée avec des identifiants invalides",
              "fullTitle": "Scénario fonctionnel - Connexion Connexion échouée avec des identifiants invalides",
              "timedOut": null,
              "duration": 677,
              "state": "passed",
              "speed": "fast",
              "pass": true,
              "fail": false,
              "pending": false,
              "context": null,
              "code": "cy.get('[data-cy=\"login-input-username\"]').type(\"mauvais@email.fr\");\ncy.get('input[type=\"password\"]').type(\"mauvaismdp\");\ncy.get('[data-cy=\"login-submit\"]').click();\ncy.url().should(\"include\", \"/login\");",
              "err": {},
              "uuid": "11b35b7a-e3b3-4b14-a12f-db33de5cd1d4",
              "parentUUID": "fbed7af5-f496-48af-9a10-28c1cc94d7d1",
              "isHook": false,
              "skipped": false
            }
          ],
          "suites": [],
          "passes": [
            "c09a9a26-ff89-43de-ad46-7325ec376be3",
            "875d2ef2-00a2-46df-971c-45a875b71587",
            "11b35b7a-e3b3-4b14-a12f-db33de5cd1d4"
          ],
          "failures": [],
          "pending": [],
          "skipped": [],
          "duration": 2049,
          "root": false,
          "rootEmpty": false,
          "_timeout": 2000
        }
      ],
      "passes": [],
      "failures": [],
      "pending": [],
      "skipped": [],
      "duration": 0,
      "root": true,
      "rootEmpty": true,
      "_timeout": 2000
    }
  ],
  "meta": {
    "mocha": {
      "version": "7.2.0"
    },
    "mochawesome": {
      "options": {
        "quiet": false,
        "reportFilename": "mochawesome",
        "saveHtml": false,
        "saveJson": true,
        "consoleReporter": "spec",
        "useInlineDiffs": false,
        "code": true
      },
      "version": "7.1.4"
    },
    "marge": {
      "options": {
        "reportDir": "mochawesome-report",
        "overwrite": false,
        "html": false,
        "json": true
      },
      "version": "6.3.2"
    }
  }
}