{
  "stats": {
    "suites": 1,
    "tests": 7,
    "passes": 5,
    "pending": 0,
    "failures": 2,
    "start": "2026-04-08T21:51:34.645Z",
    "end": "2026-04-08T21:51:39.125Z",
    "duration": 4480,
    "testsRegistered": 7,
    "passPercent": 71.42857142857143,
    "pendingPercent": 0,
    "other": 0,
    "hasOther": false,
    "skipped": 0,
    "hasSkipped": false
  },
  "results": [
    {
      "uuid": "9244204c-8aa9-4c4c-ad4f-092da4886c97",
      "title": "",
      "fullFile": "cypress/e2e/api.cy.js",
      "file": "cypress/e2e/api.cy.js",
      "beforeHooks": [],
      "afterHooks": [],
      "tests": [],
      "suites": [
        {
          "uuid": "ed266c9b-74d8-4f84-afd4-05f67c161b87",
          "title": "Tests API",
          "fullFile": "",
          "file": "",
          "beforeHooks": [],
          "afterHooks": [],
          "tests": [
            {
              "title": "GET /orders sans token doit retourner 401",
              "fullTitle": "Tests API GET /orders sans token doit retourner 401",
              "timedOut": null,
              "duration": 555,
              "state": "passed",
              "speed": "fast",
              "pass": true,
              "fail": false,
              "pending": false,
              "context": null,
              "code": "cy.request({\n  method: \"GET\",\n  url: `${baseUrl}/orders`,\n  failOnStatusCode: false\n}).then(resp => {\n  expect(resp.status).to.eq(401);\n});",
              "err": {},
              "uuid": "99aa40a2-6d94-4632-8dab-5b3d64b0068a",
              "parentUUID": "ed266c9b-74d8-4f84-afd4-05f67c161b87",
              "isHook": false,
              "skipped": false
            },
            {
              "title": "GET /orders connecté doit retourner 200",
              "fullTitle": "Tests API GET /orders connecté doit retourner 200",
              "timedOut": null,
              "duration": 544,
              "state": "passed",
              "speed": "fast",
              "pass": true,
              "fail": false,
              "pending": false,
              "context": null,
              "code": "cy.request({\n  method: \"GET\",\n  url: `${baseUrl}/orders`,\n  headers: {\n    Authorization: `Bearer ${token}`\n  },\n  failOnStatusCode: false\n}).then(resp => {\n  // Bug connu : retourne 404 au lieu de 200\n  expect(resp.status).to.eq(200);\n});",
              "err": {},
              "uuid": "ddd9cf65-f6e4-4895-97a2-38268c25a6d6",
              "parentUUID": "ed266c9b-74d8-4f84-afd4-05f67c161b87",
              "isHook": false,
              "skipped": false
            },
            {
              "title": "GET /products/{id} doit retourner la fiche produit",
              "fullTitle": "Tests API GET /products/{id} doit retourner la fiche produit",
              "timedOut": null,
              "duration": 647,
              "state": "failed",
              "speed": null,
              "pass": false,
              "fail": true,
              "pending": false,
              "context": null,
              "code": "cy.request({\n  method: \"GET\",\n  url: `${baseUrl}/products/1`,\n  headers: {\n    Authorization: `Bearer ${token}`\n  },\n  failOnStatusCode: false\n}).then(resp => {\n  // Bug connu : retourne 404 au lieu de 200\n  expect(resp.status).to.eq(200);\n  expect(resp.body).to.have.property(\"name\");\n  expect(resp.body).to.have.property(\"price\");\n});",
              "err": {
                "message": "AssertionError: expected 404 to equal 200",
                "estack": "AssertionError: expected 404 to equal 200\n    at Context.eval (webpack://eco-bliss-bath/./cypress/e2e/api.cy.js:46:29)\n    at getRet (http://localhost:4200/__cypress/runner/cypress_runner.js:122798:20)\n    at tryCatcher (http://localhost:4200/__cypress/runner/cypress_runner.js:1777:23)\n    at Promise.attempt.Promise.try (http://localhost:4200/__cypress/runner/cypress_runner.js:4285:29)\n    at Context.thenFn (http://localhost:4200/__cypress/runner/cypress_runner.js:122809:66)\n    at Context.then (http://localhost:4200/__cypress/runner/cypress_runner.js:123060:21)",
                "diff": "- 404\n+ 200\n"
              },
              "uuid": "72ddeed5-a0d9-4495-a238-5d73a3a4b861",
              "parentUUID": "ed266c9b-74d8-4f84-afd4-05f67c161b87",
              "isHook": false,
              "skipped": false
            },
            {
              "title": "POST /login utilisateur inconnu doit retourner 401",
              "fullTitle": "Tests API POST /login utilisateur inconnu doit retourner 401",
              "timedOut": null,
              "duration": 532,
              "state": "passed",
              "speed": "fast",
              "pass": true,
              "fail": false,
              "pending": false,
              "context": null,
              "code": "cy.request({\n  method: \"POST\",\n  url: `${baseUrl}/login`,\n  body: {\n    username: \"inconnu@test.fr\",\n    password: \"wrongpassword\"\n  },\n  failOnStatusCode: false\n}).then(resp => {\n  expect(resp.status).to.eq(401);\n});",
              "err": {},
              "uuid": "6ff24bcc-cfdf-4fc8-83ff-66d270fd2c5e",
              "parentUUID": "ed266c9b-74d8-4f84-afd4-05f67c161b87",
              "isHook": false,
              "skipped": false
            },
            {
              "title": "POST /login utilisateur connu doit retourner 200",
              "fullTitle": "Tests API POST /login utilisateur connu doit retourner 200",
              "timedOut": null,
              "duration": 920,
              "state": "passed",
              "speed": "fast",
              "pass": true,
              "fail": false,
              "pending": false,
              "context": null,
              "code": "cy.request({\n  method: \"POST\",\n  url: `${baseUrl}/login`,\n  body: credentials\n}).then(resp => {\n  expect(resp.status).to.eq(200);\n  expect(resp.body).to.have.property(\"token\");\n});",
              "err": {},
              "uuid": "c137c731-1552-44f2-9873-72ed0608ccf6",
              "parentUUID": "ed266c9b-74d8-4f84-afd4-05f67c161b87",
              "isHook": false,
              "skipped": false
            },
            {
              "title": "PUT /orders/add doit ajouter un produit au panier",
              "fullTitle": "Tests API PUT /orders/add doit ajouter un produit au panier",
              "timedOut": null,
              "duration": 650,
              "state": "failed",
              "speed": null,
              "pass": false,
              "fail": true,
              "pending": false,
              "context": null,
              "code": "cy.request({\n  method: \"PUT\",\n  url: `${baseUrl}/orders/add`,\n  headers: {\n    Authorization: `Bearer ${token}`\n  },\n  body: {\n    product: \"/api/products/1\",\n    quantity: 1\n  },\n  failOnStatusCode: false\n}).then(resp => {\n  // Bug connu : retourne 400 au lieu de 200\n  expect(resp.status).to.eq(200);\n});",
              "err": {
                "message": "AssertionError: expected 400 to equal 200",
                "estack": "AssertionError: expected 400 to equal 200\n    at Context.eval (webpack://eco-bliss-bath/./cypress/e2e/api.cy.js:83:29)\n    at getRet (http://localhost:4200/__cypress/runner/cypress_runner.js:122798:20)\n    at tryCatcher (http://localhost:4200/__cypress/runner/cypress_runner.js:1777:23)\n    at Promise.attempt.Promise.try (http://localhost:4200/__cypress/runner/cypress_runner.js:4285:29)\n    at Context.thenFn (http://localhost:4200/__cypress/runner/cypress_runner.js:122809:66)\n    at Context.then (http://localhost:4200/__cypress/runner/cypress_runner.js:123060:21)",
                "diff": "- 400\n+ 200\n"
              },
              "uuid": "d85b863c-e180-43b3-9733-ce6d7f810c54",
              "parentUUID": "ed266c9b-74d8-4f84-afd4-05f67c161b87",
              "isHook": false,
              "skipped": false
            },
            {
              "title": "POST /reviews doit ajouter un avis",
              "fullTitle": "Tests API POST /reviews doit ajouter un avis",
              "timedOut": null,
              "duration": 563,
              "state": "passed",
              "speed": "fast",
              "pass": true,
              "fail": false,
              "pending": false,
              "context": null,
              "code": "cy.request({\n  method: \"POST\",\n  url: `${baseUrl}/reviews`,\n  headers: {\n    Authorization: `Bearer ${token}`\n  },\n  body: {\n    title: \"Super produit\",\n    comment: \"Très bon savon !\",\n    rating: 5\n  }\n}).then(resp => {\n  expect(resp.status).to.eq(200);\n});",
              "err": {},
              "uuid": "56956b7a-dae3-4bfb-91de-063aa8972168",
              "parentUUID": "ed266c9b-74d8-4f84-afd4-05f67c161b87",
              "isHook": false,
              "skipped": false
            }
          ],
          "suites": [],
          "passes": [
            "99aa40a2-6d94-4632-8dab-5b3d64b0068a",
            "ddd9cf65-f6e4-4895-97a2-38268c25a6d6",
            "6ff24bcc-cfdf-4fc8-83ff-66d270fd2c5e",
            "c137c731-1552-44f2-9873-72ed0608ccf6",
            "56956b7a-dae3-4bfb-91de-063aa8972168"
          ],
          "failures": [
            "72ddeed5-a0d9-4495-a238-5d73a3a4b861",
            "d85b863c-e180-43b3-9733-ce6d7f810c54"
          ],
          "pending": [],
          "skipped": [],
          "duration": 4411,
          "root": false,
          "rootEmpty": false,
          "_timeout": 2000
        }
      ],
      "passes": [],
      "failures": [],
      "pending": [],
      "skipped": [],
      "duration": 0,
      "root": true,
      "rootEmpty": true,
      "_timeout": 2000
    }
  ],
  "meta": {
    "mocha": {
      "version": "7.2.0"
    },
    "mochawesome": {
      "options": {
        "quiet": false,
        "reportFilename": "mochawesome",
        "saveHtml": false,
        "saveJson": true,
        "consoleReporter": "spec",
        "useInlineDiffs": false,
        "code": true
      },
      "version": "7.1.4"
    },
    "marge": {
      "options": {
        "reportDir": "mochawesome-report",
        "overwrite": false,
        "html": false,
        "json": true
      },
      "version": "6.3.2"
    }
  }
}