{
  "stats": {
    "suites": 1,
    "tests": 2,
    "passes": 2,
    "pending": 0,
    "failures": 0,
    "start": "2026-04-08T21:19:55.923Z",
    "end": "2026-04-08T21:19:57.381Z",
    "duration": 1458,
    "testsRegistered": 2,
    "passPercent": 100,
    "pendingPercent": 0,
    "other": 0,
    "hasOther": false,
    "skipped": 0,
    "hasSkipped": false
  },
  "results": [
    {
      "uuid": "5b673ebd-08e5-48a3-b5a9-2e3682764176",
      "title": "",
      "fullFile": "cypress/e2e/smoke.cy.js",
      "file": "cypress/e2e/smoke.cy.js",
      "beforeHooks": [],
      "afterHooks": [],
      "tests": [],
      "suites": [
        {
          "uuid": "b5b6122d-4a76-4628-8ff8-71832f879e58",
          "title": "Smoke Tests",
          "fullFile": "",
          "file": "",
          "beforeHooks": [],
          "afterHooks": [],
          "tests": [
            {
              "title": "La page de connexion affiche les champs et le bouton",
              "fullTitle": "Smoke Tests La page de connexion affiche les champs et le bouton",
              "timedOut": null,
              "duration": 196,
              "state": "passed",
              "speed": "fast",
              "pass": true,
              "fail": false,
              "pending": false,
              "context": null,
              "code": "cy.visit(\"/#/login\");\ncy.get('[data-cy=\"login-input-username\"]').should(\"be.visible\");\ncy.get('input[type=\"password\"]').should(\"be.visible\");\ncy.get('[data-cy=\"login-submit\"]').should(\"be.visible\");",
              "err": {},
              "uuid": "090b70bf-0944-412a-b12d-71a2b8e7e7c3",
              "parentUUID": "b5b6122d-4a76-4628-8ff8-71832f879e58",
              "isHook": false,
              "skipped": false
            },
            {
              "title": "Le bouton \"Ajouter au panier\" est visible sur une fiche produit quand connecté",
              "fullTitle": "Smoke Tests Le bouton \"Ajouter au panier\" est visible sur une fiche produit quand connecté",
              "timedOut": null,
              "duration": 1242,
              "state": "passed",
              "speed": "fast",
              "pass": true,
              "fail": false,
              "pending": false,
              "context": null,
              "code": "cy.loginByForm();\ncy.visit(\"/#/products/5\");\ncy.contains(\"Ajouter au panier\").should(\"be.visible\");",
              "err": {},
              "uuid": "706b1cd6-b076-465f-9dd3-98f6ab8b3669",
              "parentUUID": "b5b6122d-4a76-4628-8ff8-71832f879e58",
              "isHook": false,
              "skipped": false
            }
          ],
          "suites": [],
          "passes": [
            "090b70bf-0944-412a-b12d-71a2b8e7e7c3",
            "706b1cd6-b076-465f-9dd3-98f6ab8b3669"
          ],
          "failures": [],
          "pending": [],
          "skipped": [],
          "duration": 1438,
          "root": false,
          "rootEmpty": false,
          "_timeout": 2000
        }
      ],
      "passes": [],
      "failures": [],
      "pending": [],
      "skipped": [],
      "duration": 0,
      "root": true,
      "rootEmpty": true,
      "_timeout": 2000
    }
  ],
  "meta": {
    "mocha": {
      "version": "7.2.0"
    },
    "mochawesome": {
      "options": {
        "quiet": false,
        "reportFilename": "mochawesome",
        "saveHtml": false,
        "saveJson": true,
        "consoleReporter": "spec",
        "useInlineDiffs": false,
        "code": true
      },
      "version": "7.1.4"
    },
    "marge": {
      "options": {
        "reportDir": "mochawesome-report",
        "overwrite": false,
        "html": false,
        "json": true
      },
      "version": "6.3.2"
    }
  }
}