{
  "stats": {
    "suites": 1,
    "tests": 3,
    "passes": 3,
    "pending": 0,
    "failures": 0,
    "start": "2026-04-08T21:51:39.672Z",
    "end": "2026-04-08T21:51:44.710Z",
    "duration": 5038,
    "testsRegistered": 3,
    "passPercent": 100,
    "pendingPercent": 0,
    "other": 0,
    "hasOther": false,
    "skipped": 0,
    "hasSkipped": false
  },
  "results": [
    {
      "uuid": "897c1bca-3094-4ee5-864d-53d90931e8f5",
      "title": "",
      "fullFile": "cypress/e2e/cart.cy.js",
      "file": "cypress/e2e/cart.cy.js",
      "beforeHooks": [],
      "afterHooks": [],
      "tests": [],
      "suites": [
        {
          "uuid": "0143e35e-51ac-46be-907a-9e9fa714056a",
          "title": "Scénario fonctionnel - Panier",
          "fullFile": "",
          "file": "",
          "beforeHooks": [],
          "afterHooks": [],
          "tests": [
            {
              "title": "Ajouter un produit au panier",
              "fullTitle": "Scénario fonctionnel - Panier Ajouter un produit au panier",
              "timedOut": null,
              "duration": 1635,
              "state": "passed",
              "speed": "fast",
              "pass": true,
              "fail": false,
              "pending": false,
              "context": null,
              "code": "cy.visit(\"/#/products/5\");\ncy.contains(\"en stock\").should(\"be.visible\");\ncy.contains(\"Ajouter au panier\").click();\ncy.contains(\"Mon panier\").should(\"be.visible\");",
              "err": {},
              "uuid": "51a9f8fd-8d2e-4194-b7ec-f74f5d9f118a",
              "parentUUID": "0143e35e-51ac-46be-907a-9e9fa714056a",
              "isHook": false,
              "skipped": false
            },
            {
              "title": "Le panier affiche la page commande",
              "fullTitle": "Scénario fonctionnel - Panier Le panier affiche la page commande",
              "timedOut": null,
              "duration": 1115,
              "state": "passed",
              "speed": "fast",
              "pass": true,
              "fail": false,
              "pending": false,
              "context": null,
              "code": "cy.visit(\"/#/cart\");\ncy.contains(\"Commande\").should(\"be.visible\");\ncy.contains(\"Panier\").should(\"be.visible\");",
              "err": {},
              "uuid": "f3101e14-fcaa-477b-a910-76562159def0",
              "parentUUID": "0143e35e-51ac-46be-907a-9e9fa714056a",
              "isHook": false,
              "skipped": false
            },
            {
              "title": "Valider une commande depuis le panier",
              "fullTitle": "Scénario fonctionnel - Panier Valider une commande depuis le panier",
              "timedOut": null,
              "duration": 2263,
              "state": "passed",
              "speed": "fast",
              "pass": true,
              "fail": false,
              "pending": false,
              "context": null,
              "code": "cy.visit(\"/#/products/5\");\ncy.contains(\"en stock\").should(\"be.visible\");\ncy.contains(\"Ajouter au panier\").click();\ncy.wait(1000);\ncy.visit(\"/#/cart\");\ncy.contains(\"Votre panier est vide\").should(\"not.exist\");\ncy.contains(\"Commande\").should(\"be.visible\");",
              "err": {},
              "uuid": "5d13a4e8-8e5a-4e70-a2d3-b0d7be63a8d8",
              "parentUUID": "0143e35e-51ac-46be-907a-9e9fa714056a",
              "isHook": false,
              "skipped": false
            }
          ],
          "suites": [],
          "passes": [
            "51a9f8fd-8d2e-4194-b7ec-f74f5d9f118a",
            "f3101e14-fcaa-477b-a910-76562159def0",
            "5d13a4e8-8e5a-4e70-a2d3-b0d7be63a8d8"
          ],
          "failures": [],
          "pending": [],
          "skipped": [],
          "duration": 5013,
          "root": false,
          "rootEmpty": false,
          "_timeout": 2000
        }
      ],
      "passes": [],
      "failures": [],
      "pending": [],
      "skipped": [],
      "duration": 0,
      "root": true,
      "rootEmpty": true,
      "_timeout": 2000
    }
  ],
  "meta": {
    "mocha": {
      "version": "7.2.0"
    },
    "mochawesome": {
      "options": {
        "quiet": false,
        "reportFilename": "mochawesome",
        "saveHtml": false,
        "saveJson": true,
        "consoleReporter": "spec",
        "useInlineDiffs": false,
        "code": true
      },
      "version": "7.1.4"
    },
    "marge": {
      "options": {
        "reportDir": "mochawesome-report",
        "overwrite": false,
        "html": false,
        "json": true
      },
      "version": "6.3.2"
    }
  }
}