{
  "stats": {
    "suites": 5,
    "tests": 34,
    "passes": 31,
    "pending": 0,
    "failures": 3,
    "testsRegistered": 34,
    "passPercent": 91.17647058823529,
    "pendingPercent": 0,
    "other": 0,
    "hasOther": false,
    "skipped": 0,
    "hasSkipped": false,
    "start": "2026-04-15T20:53:22.438Z",
    "end": "2026-04-15T20:53:50.475Z",
    "duration": 28037
  },
  "results": [
    {
      "uuid": "203977a7-c284-4edb-b05f-fbbf031a9d21",
      "title": "",
      "fullFile": "cypress/e2e/cart.cy.js",
      "file": "cypress/e2e/cart.cy.js",
      "beforeHooks": [],
      "afterHooks": [],
      "tests": [],
      "suites": [
        {
          "uuid": "c023e8a1-4e7f-4fde-a11f-adfa2268f34e",
          "title": "Scénario fonctionnel - Panier",
          "fullFile": "",
          "file": "",
          "beforeHooks": [],
          "afterHooks": [],
          "tests": [
            {
              "title": "Ajouter un produit au panier",
              "fullTitle": "Scénario fonctionnel - Panier Ajouter un produit au panier",
              "timedOut": null,
              "duration": 1637,
              "state": "passed",
              "speed": "fast",
              "pass": true,
              "fail": false,
              "pending": false,
              "context": null,
              "code": "cy.visit(\"/#/products/5\");\ncy.contains(\"en stock\").should(\"be.visible\");\ncy.contains(\"Ajouter au panier\").click();\ncy.contains(\"Mon panier\").should(\"be.visible\");",
              "err": {},
              "uuid": "5206b0de-bdda-4ba2-8d19-d0d6c0b99f9a",
              "parentUUID": "c023e8a1-4e7f-4fde-a11f-adfa2268f34e",
              "isHook": false,
              "skipped": false
            },
            {
              "title": "Le panier affiche la page commande",
              "fullTitle": "Scénario fonctionnel - Panier Le panier affiche la page commande",
              "timedOut": null,
              "duration": 1133,
              "state": "passed",
              "speed": "fast",
              "pass": true,
              "fail": false,
              "pending": false,
              "context": null,
              "code": "cy.visit(\"/#/cart\");\ncy.contains(\"Commande\").should(\"be.visible\");\ncy.contains(\"Panier\").should(\"be.visible\");",
              "err": {},
              "uuid": "1903d8f3-9c31-4b17-a570-5676df51a0c7",
              "parentUUID": "c023e8a1-4e7f-4fde-a11f-adfa2268f34e",
              "isHook": false,
              "skipped": false
            },
            {
              "title": "Valider une commande depuis le panier",
              "fullTitle": "Scénario fonctionnel - Panier Valider une commande depuis le panier",
              "timedOut": null,
              "duration": 1226,
              "state": "passed",
              "speed": "fast",
              "pass": true,
              "fail": false,
              "pending": false,
              "context": null,
              "code": "cy.visit(\"/#/products/5\");\ncy.contains(\"en stock\").should(\"be.visible\");\ncy.contains(\"Ajouter au panier\").click();\ncy.visit(\"/#/cart\");\ncy.contains(\"Votre panier est vide\").should(\"not.exist\");\ncy.contains(\"Commande\").should(\"be.visible\");",
              "err": {},
              "uuid": "594006f9-7ede-43d7-b87d-39df7eb4c44c",
              "parentUUID": "c023e8a1-4e7f-4fde-a11f-adfa2268f34e",
              "isHook": false,
              "skipped": false
            },
            {
              "title": "Le stock diminue après ajout au panier",
              "fullTitle": "Scénario fonctionnel - Panier Le stock diminue après ajout au panier",
              "timedOut": null,
              "duration": 1123,
              "state": "passed",
              "speed": "fast",
              "pass": true,
              "fail": false,
              "pending": false,
              "context": null,
              "code": "cy.visit(\"/#/products/5\");\ncy.get('[data-cy=\"detail-product-stock\"]').should(\"be.visible\").invoke(\"text\").then(stockText => {\n  cy.log(\"Stock initial text: \" + stockText);\n  const match = stockText.match(/-?\\d+/);\n  if (!match) return; // Si pas de nombre trouvé, on skip\n  const stockInitial = parseInt(match[0]);\n  cy.log(\"Stock initial: \" + stockInitial);\n  cy.contains(\"Ajouter au panier\").click();\n  cy.wait(1000);\n  cy.visit(\"/#/products/5\");\n  cy.get('[data-cy=\"detail-product-stock\"]').should(\"be.visible\").invoke(\"text\").then(newStockText => {\n    cy.log(\"Nouveau stock text: \" + newStockText);\n    const newMatch = newStockText.match(/-?\\d+/);\n    if (!newMatch) return;\n    const newStock = parseInt(newMatch[0]);\n    cy.log(\"Nouveau stock: \" + newStock);\n    expect(newStock).to.eq(stockInitial - 1);\n  });\n});",
              "err": {},
              "uuid": "79c6163b-2b89-4881-9062-52fbad1ba086",
              "parentUUID": "c023e8a1-4e7f-4fde-a11f-adfa2268f34e",
              "isHook": false,
              "skipped": false
            },
            {
              "title": "Le contenu du panier est vérifié via l'API après ajout",
              "fullTitle": "Scénario fonctionnel - Panier Le contenu du panier est vérifié via l'API après ajout",
              "timedOut": null,
              "duration": 1790,
              "state": "passed",
              "speed": "fast",
              "pass": true,
              "fail": false,
              "pending": false,
              "context": null,
              "code": "// D'abord ajouter un produit via le frontend\ncy.visit(\"/#/products/5\");\ncy.contains(\"en stock\").should(\"be.visible\");\ncy.contains(\"Ajouter au panier\").click();\ncy.contains(\"Mon panier\").should(\"be.visible\");\n// Ensuite vérifier via l'API que le produit est bien dans le panier\ncy.request(\"POST\", `${baseUrl}/login`, credentials).then(resp => {\n  const token = resp.body.token;\n  cy.request({\n    method: \"GET\",\n    url: `${baseUrl}/orders`,\n    headers: {\n      Authorization: `Bearer ${token}`\n    }\n  }).then(orderResp => {\n    expect(orderResp.status).to.eq(200);\n    // Le panier doit contenir au moins un produit\n    expect(orderResp.body.orderLines).to.have.length.greaterThan(0);\n  });\n});",
              "err": {},
              "uuid": "1b5a39d2-9d0f-46a4-9f24-ad9114d283e4",
              "parentUUID": "c023e8a1-4e7f-4fde-a11f-adfa2268f34e",
              "isHook": false,
              "skipped": false
            },
            {
              "title": "Ajouter une quantité négative ne doit pas être accepté",
              "fullTitle": "Scénario fonctionnel - Panier Ajouter une quantité négative ne doit pas être accepté",
              "timedOut": null,
              "duration": 1659,
              "state": "failed",
              "speed": null,
              "pass": false,
              "fail": true,
              "pending": false,
              "context": null,
              "code": "cy.visit(\"/#/products/5\");\ncy.contains(\"en stock\").should(\"be.visible\");\ncy.get(\"input[type='number']\").clear().type(\"-1\");\ncy.contains(\"Ajouter au panier\").click();\ncy.visit(\"/#/cart\");\ncy.get(\"body\").then($body => {\n  if (!$body.text().includes(\"Votre panier est vide\")) {\n    cy.get(\"input[type='number']\").each($input => {\n      expect(parseInt($input.val())).to.be.greaterThan(0);\n    });\n  }\n});",
              "err": {
                "message": "AssertionError: expected -1 to be above 0",
                "estack": "AssertionError: expected -1 to be above 0\n    at Context.eval (webpack://eco-bliss-bath/./cypress/e2e/cart.cy.js:99:47)\n    at Context.callback (http://localhost:4200/__cypress/runner/cypress_runner.js:123033:26)\n    at getRet (http://localhost:4200/__cypress/runner/cypress_runner.js:122798:20)\n    at tryCatcher (http://localhost:4200/__cypress/runner/cypress_runner.js:1777:23)\n    at Promise.attempt.Promise.try (http://localhost:4200/__cypress/runner/cypress_runner.js:4285:29)\n    at thenFn (http://localhost:4200/__cypress/runner/cypress_runner.js:122809:66)",
                "diff": null
              },
              "uuid": "faf3c7a7-b5f9-45d5-be8d-55ec7c46fd92",
              "parentUUID": "c023e8a1-4e7f-4fde-a11f-adfa2268f34e",
              "isHook": false,
              "skipped": false
            },
            {
              "title": "Ajouter une quantité supérieure à 20 ne doit pas être accepté",
              "fullTitle": "Scénario fonctionnel - Panier Ajouter une quantité supérieure à 20 ne doit pas être accepté",
              "timedOut": null,
              "duration": 1624,
              "state": "failed",
              "speed": null,
              "pass": false,
              "fail": true,
              "pending": false,
              "context": null,
              "code": "cy.visit(\"/#/products/5\");\ncy.contains(\"en stock\").should(\"be.visible\");\ncy.get(\"input[type='number']\").clear().type(\"21\");\ncy.contains(\"Ajouter au panier\").click();\ncy.visit(\"/#/cart\");\ncy.get(\"body\").then($body => {\n  if (!$body.text().includes(\"Votre panier est vide\")) {\n    cy.get(\"input[type='number']\").each($input => {\n      expect(parseInt($input.val())).to.be.lessThan(21);\n    });\n  }\n});",
              "err": {
                "message": "AssertionError: expected 21 to be below 21",
                "estack": "AssertionError: expected 21 to be below 21\n    at Context.eval (webpack://eco-bliss-bath/./cypress/e2e/cart.cy.js:115:47)\n    at Context.callback (http://localhost:4200/__cypress/runner/cypress_runner.js:123033:26)\n    at getRet (http://localhost:4200/__cypress/runner/cypress_runner.js:122798:20)\n    at tryCatcher (http://localhost:4200/__cypress/runner/cypress_runner.js:1777:23)\n    at Promise.attempt.Promise.try (http://localhost:4200/__cypress/runner/cypress_runner.js:4285:29)\n    at thenFn (http://localhost:4200/__cypress/runner/cypress_runner.js:122809:66)",
                "diff": ""
              },
              "uuid": "1340fea5-07aa-44d2-be1e-312b5f91aa13",
              "parentUUID": "c023e8a1-4e7f-4fde-a11f-adfa2268f34e",
              "isHook": false,
              "skipped": false
            }
          ],
          "suites": [],
          "passes": [
            "5206b0de-bdda-4ba2-8d19-d0d6c0b99f9a",
            "1903d8f3-9c31-4b17-a570-5676df51a0c7",
            "594006f9-7ede-43d7-b87d-39df7eb4c44c",
            "79c6163b-2b89-4881-9062-52fbad1ba086",
            "1b5a39d2-9d0f-46a4-9f24-ad9114d283e4"
          ],
          "failures": [
            "faf3c7a7-b5f9-45d5-be8d-55ec7c46fd92",
            "1340fea5-07aa-44d2-be1e-312b5f91aa13"
          ],
          "pending": [],
          "skipped": [],
          "duration": 10192,
          "root": false,
          "rootEmpty": false,
          "_timeout": 2000
        }
      ],
      "passes": [],
      "failures": [],
      "pending": [],
      "skipped": [],
      "duration": 0,
      "root": true,
      "rootEmpty": true,
      "_timeout": 2000
    },
    {
      "uuid": "ec93965a-97a8-4ac6-a6f0-fc13302ee3c6",
      "title": "",
      "fullFile": "cypress/e2e/login.cy.js",
      "file": "cypress/e2e/login.cy.js",
      "beforeHooks": [],
      "afterHooks": [],
      "tests": [],
      "suites": [
        {
          "uuid": "b0ba314a-557b-46e1-9100-c342f57132d1",
          "title": "Scénario fonctionnel - Connexion",
          "fullFile": "",
          "file": "",
          "beforeHooks": [],
          "afterHooks": [],
          "tests": [
            {
              "title": "La page de connexion affiche bien le formulaire",
              "fullTitle": "Scénario fonctionnel - Connexion La page de connexion affiche bien le formulaire",
              "timedOut": null,
              "duration": 150,
              "state": "passed",
              "speed": "fast",
              "pass": true,
              "fail": false,
              "pending": false,
              "context": null,
              "code": "cy.get('[data-cy=\"login-input-username\"]').should(\"be.visible\");\ncy.get('input[type=\"password\"]').should(\"be.visible\");\ncy.get('[data-cy=\"login-submit\"]').should(\"be.visible\");",
              "err": {},
              "uuid": "7f991b49-4d55-4fc3-8d56-617d03329711",
              "parentUUID": "b0ba314a-557b-46e1-9100-c342f57132d1",
              "isHook": false,
              "skipped": false
            },
            {
              "title": "Connexion réussie avec des identifiants valides",
              "fullTitle": "Scénario fonctionnel - Connexion Connexion réussie avec des identifiants valides",
              "timedOut": null,
              "duration": 1202,
              "state": "passed",
              "speed": "fast",
              "pass": true,
              "fail": false,
              "pending": false,
              "context": null,
              "code": "cy.fixture(\"credentials\").then(credentials => {\n  cy.get('[data-cy=\"login-input-username\"]').type(credentials.email);\n  cy.get('input[type=\"password\"]').type(credentials.password);\n  cy.get('[data-cy=\"login-submit\"]').click();\n  cy.contains(\"Déconnexion\", {\n    timeout: 10000\n  }).should(\"be.visible\");\n  cy.contains(\"Mon panier\").should(\"be.visible\");\n});",
              "err": {},
              "uuid": "c178de03-26b7-4b93-971f-73fd4998794c",
              "parentUUID": "b0ba314a-557b-46e1-9100-c342f57132d1",
              "isHook": false,
              "skipped": false
            },
            {
              "title": "Connexion échouée avec des identifiants invalides",
              "fullTitle": "Scénario fonctionnel - Connexion Connexion échouée avec des identifiants invalides",
              "timedOut": null,
              "duration": 691,
              "state": "passed",
              "speed": "fast",
              "pass": true,
              "fail": false,
              "pending": false,
              "context": null,
              "code": "cy.get('[data-cy=\"login-input-username\"]').type(\"mauvais@email.fr\");\ncy.get('input[type=\"password\"]').type(\"mauvaismdp\");\ncy.get('[data-cy=\"login-submit\"]').click();\ncy.url().should(\"include\", \"/login\");",
              "err": {},
              "uuid": "6790d3e8-eba1-4e1d-82b5-b5662c1909c8",
              "parentUUID": "b0ba314a-557b-46e1-9100-c342f57132d1",
              "isHook": false,
              "skipped": false
            },
            {
              "title": "Déconnexion réussie",
              "fullTitle": "Scénario fonctionnel - Connexion Déconnexion réussie",
              "timedOut": null,
              "duration": 1178,
              "state": "passed",
              "speed": "fast",
              "pass": true,
              "fail": false,
              "pending": false,
              "context": null,
              "code": "cy.fixture(\"credentials\").then(credentials => {\n  cy.get('[data-cy=\"login-input-username\"]').type(credentials.email);\n  cy.get('input[type=\"password\"]').type(credentials.password);\n  cy.get('[data-cy=\"login-submit\"]').click();\n  cy.contains(\"Déconnexion\", {\n    timeout: 10000\n  }).should(\"be.visible\");\n  cy.contains(\"Déconnexion\").click();\n  // Après déconnexion, on doit voir les boutons Connexion et Inscription\n  cy.contains(\"Connexion\").should(\"be.visible\");\n  cy.contains(\"Inscription\").should(\"be.visible\");\n});",
              "err": {},
              "uuid": "16163342-bba1-4cb8-a752-5c7646052d80",
              "parentUUID": "b0ba314a-557b-46e1-9100-c342f57132d1",
              "isHook": false,
              "skipped": false
            },
            {
              "title": "Connexion avec email vide ne doit pas être acceptée",
              "fullTitle": "Scénario fonctionnel - Connexion Connexion avec email vide ne doit pas être acceptée",
              "timedOut": null,
              "duration": 356,
              "state": "passed",
              "speed": "fast",
              "pass": true,
              "fail": false,
              "pending": false,
              "context": null,
              "code": "cy.get('input[type=\"password\"]').type(\"testtest\");\ncy.get('[data-cy=\"login-submit\"]').click();\n// On doit rester sur la page login\ncy.url().should(\"include\", \"/login\");",
              "err": {},
              "uuid": "26f72b0e-9589-428d-9382-d5a5e78ecbf1",
              "parentUUID": "b0ba314a-557b-46e1-9100-c342f57132d1",
              "isHook": false,
              "skipped": false
            },
            {
              "title": "Connexion avec mot de passe vide ne doit pas être acceptée",
              "fullTitle": "Scénario fonctionnel - Connexion Connexion avec mot de passe vide ne doit pas être acceptée",
              "timedOut": null,
              "duration": 416,
              "state": "passed",
              "speed": "fast",
              "pass": true,
              "fail": false,
              "pending": false,
              "context": null,
              "code": "cy.get('[data-cy=\"login-input-username\"]').type(\"test2@test.fr\");\ncy.get('[data-cy=\"login-submit\"]').click();\n// On doit rester sur la page login\ncy.url().should(\"include\", \"/login\");",
              "err": {},
              "uuid": "b248b03a-0331-416f-8afd-a4dc27ba57a0",
              "parentUUID": "b0ba314a-557b-46e1-9100-c342f57132d1",
              "isHook": false,
              "skipped": false
            },
            {
              "title": "Connexion avec format email invalide ne doit pas être acceptée",
              "fullTitle": "Scénario fonctionnel - Connexion Connexion avec format email invalide ne doit pas être acceptée",
              "timedOut": null,
              "duration": 699,
              "state": "passed",
              "speed": "fast",
              "pass": true,
              "fail": false,
              "pending": false,
              "context": null,
              "code": "cy.get('[data-cy=\"login-input-username\"]').type(\"cecinestpasun email\");\ncy.get('input[type=\"password\"]').type(\"testtest\");\ncy.get('[data-cy=\"login-submit\"]').click();\n// On doit rester sur la page login\ncy.url().should(\"include\", \"/login\");",
              "err": {},
              "uuid": "c73ef6fc-ed3f-4603-a536-3e3bebcdfcef",
              "parentUUID": "b0ba314a-557b-46e1-9100-c342f57132d1",
              "isHook": false,
              "skipped": false
            }
          ],
          "suites": [],
          "passes": [
            "7f991b49-4d55-4fc3-8d56-617d03329711",
            "c178de03-26b7-4b93-971f-73fd4998794c",
            "6790d3e8-eba1-4e1d-82b5-b5662c1909c8",
            "16163342-bba1-4cb8-a752-5c7646052d80",
            "26f72b0e-9589-428d-9382-d5a5e78ecbf1",
            "b248b03a-0331-416f-8afd-a4dc27ba57a0",
            "c73ef6fc-ed3f-4603-a536-3e3bebcdfcef"
          ],
          "failures": [],
          "pending": [],
          "skipped": [],
          "duration": 4692,
          "root": false,
          "rootEmpty": false,
          "_timeout": 2000
        }
      ],
      "passes": [],
      "failures": [],
      "pending": [],
      "skipped": [],
      "duration": 0,
      "root": true,
      "rootEmpty": true,
      "_timeout": 2000
    },
    {
      "uuid": "8e2c544d-e3d1-4019-9f3f-1dcc3083f927",
      "title": "",
      "fullFile": "cypress/e2e/smoke.cy.js",
      "file": "cypress/e2e/smoke.cy.js",
      "beforeHooks": [],
      "afterHooks": [],
      "tests": [],
      "suites": [
        {
          "uuid": "d60ad5c0-7f3d-4f4c-a246-b43cc406aaed",
          "title": "Smoke Tests",
          "fullFile": "",
          "file": "",
          "beforeHooks": [],
          "afterHooks": [],
          "tests": [
            {
              "title": "La page de connexion affiche les champs et le bouton",
              "fullTitle": "Smoke Tests La page de connexion affiche les champs et le bouton",
              "timedOut": null,
              "duration": 150,
              "state": "passed",
              "speed": "fast",
              "pass": true,
              "fail": false,
              "pending": false,
              "context": null,
              "code": "cy.visit(\"/#/login\");\ncy.get('[data-cy=\"login-input-username\"]').should(\"be.visible\");\ncy.get('input[type=\"password\"]').should(\"be.visible\");\ncy.get('[data-cy=\"login-submit\"]').should(\"be.visible\");",
              "err": {},
              "uuid": "737cba45-74b4-4d08-b8d8-0498315d39ec",
              "parentUUID": "d60ad5c0-7f3d-4f4c-a246-b43cc406aaed",
              "isHook": false,
              "skipped": false
            },
            {
              "title": "Le bouton \"Ajouter au panier\" est visible sur une fiche produit quand connecté",
              "fullTitle": "Smoke Tests Le bouton \"Ajouter au panier\" est visible sur une fiche produit quand connecté",
              "timedOut": null,
              "duration": 1217,
              "state": "passed",
              "speed": "fast",
              "pass": true,
              "fail": false,
              "pending": false,
              "context": null,
              "code": "cy.loginByForm();\ncy.visit(\"/#/products/5\");\ncy.contains(\"Ajouter au panier\").should(\"be.visible\");",
              "err": {},
              "uuid": "5766c757-73bb-4213-85de-7870ae40f08e",
              "parentUUID": "d60ad5c0-7f3d-4f4c-a246-b43cc406aaed",
              "isHook": false,
              "skipped": false
            },
            {
              "title": "La page d'accueil se charge correctement",
              "fullTitle": "Smoke Tests La page d'accueil se charge correctement",
              "timedOut": null,
              "duration": 54,
              "state": "passed",
              "speed": "fast",
              "pass": true,
              "fail": false,
              "pending": false,
              "context": null,
              "code": "cy.visit(\"/#/\");\ncy.contains(\"Produits\").should(\"be.visible\");\ncy.contains(\"Avis\").should(\"be.visible\");\ncy.contains(\"Connexion\").should(\"be.visible\");",
              "err": {},
              "uuid": "274628a6-d540-4467-a2eb-85c46320496b",
              "parentUUID": "d60ad5c0-7f3d-4f4c-a246-b43cc406aaed",
              "isHook": false,
              "skipped": false
            },
            {
              "title": "La page produits est accessible depuis le menu",
              "fullTitle": "Smoke Tests La page produits est accessible depuis le menu",
              "timedOut": null,
              "duration": 139,
              "state": "passed",
              "speed": "fast",
              "pass": true,
              "fail": false,
              "pending": false,
              "context": null,
              "code": "cy.visit(\"/#/\");\ncy.contains(\"Produits\").click();\ncy.url().should(\"include\", \"/products\");\ncy.get(\"body\").should(\"be.visible\");",
              "err": {},
              "uuid": "29bff956-a913-4789-bb48-573221674622",
              "parentUUID": "d60ad5c0-7f3d-4f4c-a246-b43cc406aaed",
              "isHook": false,
              "skipped": false
            },
            {
              "title": "La liste des produits s'affiche sur la page produits",
              "fullTitle": "Smoke Tests La liste des produits s'affiche sur la page produits",
              "timedOut": null,
              "duration": 43,
              "state": "passed",
              "speed": "fast",
              "pass": true,
              "fail": false,
              "pending": false,
              "context": null,
              "code": "cy.visit(\"/#/products\");\ncy.contains(\"Produits\").should(\"be.visible\");\ncy.get(\"body\").should(\"not.contain\", \"Aucun produit\");",
              "err": {},
              "uuid": "504b9abc-b622-4e5a-9ecf-ef6644b11faf",
              "parentUUID": "d60ad5c0-7f3d-4f4c-a246-b43cc406aaed",
              "isHook": false,
              "skipped": false
            },
            {
              "title": "Le bouton Connexion est visible depuis la page d'accueil",
              "fullTitle": "Smoke Tests Le bouton Connexion est visible depuis la page d'accueil",
              "timedOut": null,
              "duration": 49,
              "state": "passed",
              "speed": "fast",
              "pass": true,
              "fail": false,
              "pending": false,
              "context": null,
              "code": "cy.visit(\"/#/\");\ncy.contains(\"Connexion\").should(\"be.visible\");\ncy.contains(\"Inscription\").should(\"be.visible\");",
              "err": {},
              "uuid": "20e4270b-6ba2-4dfa-a2fc-1372d8485bd3",
              "parentUUID": "d60ad5c0-7f3d-4f4c-a246-b43cc406aaed",
              "isHook": false,
              "skipped": false
            },
            {
              "title": "La page Avis est accessible depuis le menu",
              "fullTitle": "Smoke Tests La page Avis est accessible depuis le menu",
              "timedOut": null,
              "duration": 137,
              "state": "passed",
              "speed": "fast",
              "pass": true,
              "fail": false,
              "pending": false,
              "context": null,
              "code": "cy.visit(\"/#/\");\ncy.contains(\"Avis\").click();\ncy.url().should(\"include\", \"/reviews\");\ncy.get(\"body\").should(\"be.visible\");",
              "err": {},
              "uuid": "fb984f95-3516-4406-97cc-2a34e31a5dbf",
              "parentUUID": "d60ad5c0-7f3d-4f4c-a246-b43cc406aaed",
              "isHook": false,
              "skipped": false
            }
          ],
          "suites": [],
          "passes": [
            "737cba45-74b4-4d08-b8d8-0498315d39ec",
            "5766c757-73bb-4213-85de-7870ae40f08e",
            "274628a6-d540-4467-a2eb-85c46320496b",
            "29bff956-a913-4789-bb48-573221674622",
            "504b9abc-b622-4e5a-9ecf-ef6644b11faf",
            "20e4270b-6ba2-4dfa-a2fc-1372d8485bd3",
            "fb984f95-3516-4406-97cc-2a34e31a5dbf"
          ],
          "failures": [],
          "pending": [],
          "skipped": [],
          "duration": 1789,
          "root": false,
          "rootEmpty": false,
          "_timeout": 2000
        }
      ],
      "passes": [],
      "failures": [],
      "pending": [],
      "skipped": [],
      "duration": 0,
      "root": true,
      "rootEmpty": true,
      "_timeout": 2000
    },
    {
      "uuid": "eb3e91e1-cc29-4682-a9d8-60952665353b",
      "title": "",
      "fullFile": "cypress/e2e/xss.cy.js",
      "file": "cypress/e2e/xss.cy.js",
      "beforeHooks": [],
      "afterHooks": [],
      "tests": [],
      "suites": [
        {
          "uuid": "654812cd-4df5-405a-af4c-015b2a75edba",
          "title": "Test faille XSS",
          "fullFile": "",
          "file": "",
          "beforeHooks": [],
          "afterHooks": [],
          "tests": [
            {
              "title": "Le script XSS ne doit pas être exécuté dans les commentaires",
              "fullTitle": "Test faille XSS Le script XSS ne doit pas être exécuté dans les commentaires",
              "timedOut": null,
              "duration": 2063,
              "state": "passed",
              "speed": "fast",
              "pass": true,
              "fail": false,
              "pending": false,
              "context": null,
              "code": "cy.get('[data-cy=\"review-input-title\"]').type(\"Test XSS\"); // On saisit un titre normal\ncy.get('[data-cy=\"review-input-comment\"]').type('<script>alert(\"XSS\")</script>' // On injecte un script malveillant dans le champ commentaire\n);\ncy.get('[data-cy=\"review-submit\"]').click(); // On soumet le formulaire\n// Si une popup alert se déclenche, c'est que le script a été exécuté — le test doit échouer\ncy.on(\"window:alert\", () => {\n  throw new Error(\"Faille XSS détectée : une popup alert a été déclenchée !\");\n});\ncy.get(\"app-reviews\").should(\"not.contain\", \"<script>\"); // La balise script ne doit pas apparaître dans le DOM",
              "err": {},
              "uuid": "9bbe5216-72f8-4e7a-9fb2-b29d281f4f30",
              "parentUUID": "654812cd-4df5-405a-af4c-015b2a75edba",
              "isHook": false,
              "skipped": false
            }
          ],
          "suites": [],
          "passes": [
            "9bbe5216-72f8-4e7a-9fb2-b29d281f4f30"
          ],
          "failures": [],
          "pending": [],
          "skipped": [],
          "duration": 2063,
          "root": false,
          "rootEmpty": false,
          "_timeout": 2000
        }
      ],
      "passes": [],
      "failures": [],
      "pending": [],
      "skipped": [],
      "duration": 0,
      "root": true,
      "rootEmpty": true,
      "_timeout": 2000
    },
    {
      "uuid": "08927312-39df-4b78-852c-a94b817ee755",
      "title": "",
      "fullFile": "cypress/e2e/api.cy.js",
      "file": "cypress/e2e/api.cy.js",
      "beforeHooks": [],
      "afterHooks": [],
      "tests": [],
      "suites": [
        {
          "uuid": "3bdf7af6-ddd4-46fd-9377-912fe37b5438",
          "title": "Tests API",
          "fullFile": "",
          "file": "",
          "beforeHooks": [],
          "afterHooks": [],
          "tests": [
            {
              "title": "GET /orders sans token doit retourner 401",
              "fullTitle": "Tests API GET /orders sans token doit retourner 401",
              "timedOut": null,
              "duration": 548,
              "state": "passed",
              "speed": "fast",
              "pass": true,
              "fail": false,
              "pending": false,
              "context": null,
              "code": "cy.request({\n  method: \"GET\",\n  url: `${baseUrl}/orders`,\n  failOnStatusCode: false\n}).then(resp => {\n  expect(resp.status).to.eq(401);\n});",
              "err": {},
              "uuid": "b82a6cbe-1be5-419f-ab34-15ff780a099a",
              "parentUUID": "3bdf7af6-ddd4-46fd-9377-912fe37b5438",
              "isHook": false,
              "skipped": false
            },
            {
              "title": "GET /orders avec token invalide doit retourner 401 et non 403",
              "fullTitle": "Tests API GET /orders avec token invalide doit retourner 401 et non 403",
              "timedOut": null,
              "duration": 482,
              "state": "passed",
              "speed": "fast",
              "pass": true,
              "fail": false,
              "pending": false,
              "context": null,
              "code": "cy.request({\n  method: \"GET\",\n  url: `${baseUrl}/orders`,\n  headers: {\n    Authorization: \"Bearer tokeninvalide123\"\n  },\n  failOnStatusCode: false\n}).then(resp => {\n  expect(resp.status).to.eq(401);\n  expect(resp.status).to.not.eq(403);\n});",
              "err": {},
              "uuid": "6e6db48c-974e-4bb3-b15b-cb82256bb2d5",
              "parentUUID": "3bdf7af6-ddd4-46fd-9377-912fe37b5438",
              "isHook": false,
              "skipped": false
            },
            {
              "title": "GET /orders connecté doit retourner 200",
              "fullTitle": "Tests API GET /orders connecté doit retourner 200",
              "timedOut": null,
              "duration": 536,
              "state": "passed",
              "speed": "fast",
              "pass": true,
              "fail": false,
              "pending": false,
              "context": null,
              "code": "cy.request({\n  method: \"GET\",\n  url: `${baseUrl}/orders`,\n  headers: {\n    Authorization: `Bearer ${token}`\n  },\n  failOnStatusCode: false\n}).then(resp => {\n  expect(resp.status).to.eq(200);\n});",
              "err": {},
              "uuid": "b890ad9e-a0a6-419e-b2fb-89f866b060c5",
              "parentUUID": "3bdf7af6-ddd4-46fd-9377-912fe37b5438",
              "isHook": false,
              "skipped": false
            },
            {
              "title": "GET /products/{id} doit retourner la fiche produit",
              "fullTitle": "Tests API GET /products/{id} doit retourner la fiche produit",
              "timedOut": null,
              "duration": 521,
              "state": "passed",
              "speed": "fast",
              "pass": true,
              "fail": false,
              "pending": false,
              "context": null,
              "code": "cy.request({\n  method: \"GET\",\n  url: `${baseUrl}/products/3`,\n  headers: {\n    Authorization: `Bearer ${token}`\n  },\n  failOnStatusCode: false\n}).then(resp => {\n  expect(resp.status).to.eq(200);\n  expect(resp.body).to.have.property(\"name\");\n  expect(resp.body).to.have.property(\"price\");\n});",
              "err": {},
              "uuid": "1c7f044b-daef-47d2-a578-b4e9573be1e6",
              "parentUUID": "3bdf7af6-ddd4-46fd-9377-912fe37b5438",
              "isHook": false,
              "skipped": false
            },
            {
              "title": "POST /login utilisateur inconnu doit retourner 401",
              "fullTitle": "Tests API POST /login utilisateur inconnu doit retourner 401",
              "timedOut": null,
              "duration": 505,
              "state": "passed",
              "speed": "fast",
              "pass": true,
              "fail": false,
              "pending": false,
              "context": null,
              "code": "cy.request({\n  method: \"POST\",\n  url: `${baseUrl}/login`,\n  body: {\n    username: \"inconnu@test.fr\",\n    password: \"wrongpassword\"\n  },\n  failOnStatusCode: false\n}).then(resp => {\n  expect(resp.status).to.eq(401);\n});",
              "err": {},
              "uuid": "4a3c40a1-ba86-4a82-9d9d-0955efe37b17",
              "parentUUID": "3bdf7af6-ddd4-46fd-9377-912fe37b5438",
              "isHook": false,
              "skipped": false
            },
            {
              "title": "POST /login utilisateur connu doit retourner 200",
              "fullTitle": "Tests API POST /login utilisateur connu doit retourner 200",
              "timedOut": null,
              "duration": 898,
              "state": "passed",
              "speed": "fast",
              "pass": true,
              "fail": false,
              "pending": false,
              "context": null,
              "code": "cy.request({\n  method: \"POST\",\n  url: `${baseUrl}/login`,\n  body: credentials\n}).then(resp => {\n  expect(resp.status).to.eq(200);\n  expect(resp.body).to.have.property(\"token\");\n});",
              "err": {},
              "uuid": "6e607ec3-45ac-49fe-a010-0afcdf28ae2c",
              "parentUUID": "3bdf7af6-ddd4-46fd-9377-912fe37b5438",
              "isHook": false,
              "skipped": false
            },
            {
              "title": "PUT /orders/add doit ajouter un produit disponible au panier",
              "fullTitle": "Tests API PUT /orders/add doit ajouter un produit disponible au panier",
              "timedOut": null,
              "duration": 658,
              "state": "failed",
              "speed": null,
              "pass": false,
              "fail": true,
              "pending": false,
              "context": null,
              "code": "cy.request({\n  method: \"PUT\",\n  url: `${baseUrl}/orders/add`,\n  headers: {\n    Authorization: `Bearer ${token}`\n  },\n  body: {\n    product: \"/api/products/3\",\n    quantity: 1\n  },\n  failOnStatusCode: false\n}).then(resp => {\n  expect(resp.status).to.eq(200);\n});",
              "err": {
                "message": "AssertionError: expected 400 to equal 200",
                "estack": "AssertionError: expected 400 to equal 200\n    at Context.eval (webpack://eco-bliss-bath/./cypress/e2e/api.cy.js:104:29)\n    at getRet (http://localhost:4200/__cypress/runner/cypress_runner.js:122798:20)\n    at tryCatcher (http://localhost:4200/__cypress/runner/cypress_runner.js:1777:23)\n    at Promise.attempt.Promise.try (http://localhost:4200/__cypress/runner/cypress_runner.js:4285:29)\n    at Context.thenFn (http://localhost:4200/__cypress/runner/cypress_runner.js:122809:66)\n    at Context.then (http://localhost:4200/__cypress/runner/cypress_runner.js:123060:21)",
                "diff": "- 400\n+ 200\n"
              },
              "uuid": "acdcd643-3914-4dbc-921b-33f7973c61a2",
              "parentUUID": "3bdf7af6-ddd4-46fd-9377-912fe37b5438",
              "isHook": false,
              "skipped": false
            },
            {
              "title": "PUT /orders/add produit en rupture de stock doit retourner une erreur",
              "fullTitle": "Tests API PUT /orders/add produit en rupture de stock doit retourner une erreur",
              "timedOut": null,
              "duration": 569,
              "state": "passed",
              "speed": "fast",
              "pass": true,
              "fail": false,
              "pending": false,
              "context": null,
              "code": "cy.request({\n  method: \"PUT\",\n  url: `${baseUrl}/orders/add`,\n  headers: {\n    Authorization: `Bearer ${token}`\n  },\n  body: {\n    product: \"/api/products/4\",\n    quantity: 1\n  },\n  failOnStatusCode: false\n}).then(resp => {\n  expect(resp.status).to.not.eq(200);\n});",
              "err": {},
              "uuid": "7e7e9018-8689-4813-a636-f05af8e049de",
              "parentUUID": "3bdf7af6-ddd4-46fd-9377-912fe37b5438",
              "isHook": false,
              "skipped": false
            },
            {
              "title": "GET /orders sans token retourne 401 et non 403",
              "fullTitle": "Tests API GET /orders sans token retourne 401 et non 403",
              "timedOut": null,
              "duration": 525,
              "state": "passed",
              "speed": "fast",
              "pass": true,
              "fail": false,
              "pending": false,
              "context": null,
              "code": "cy.request({\n  method: \"GET\",\n  url: `${baseUrl}/orders`,\n  failOnStatusCode: false\n}).then(resp => {\n  expect(resp.status).to.eq(401);\n  expect(resp.status).to.not.eq(403);\n});",
              "err": {},
              "uuid": "771855fe-f1ea-490a-bb5b-2b6c916a6604",
              "parentUUID": "3bdf7af6-ddd4-46fd-9377-912fe37b5438",
              "isHook": false,
              "skipped": false
            },
            {
              "title": "PUT /orders/add utilise PUT et non POST",
              "fullTitle": "Tests API PUT /orders/add utilise PUT et non POST",
              "timedOut": null,
              "duration": 508,
              "state": "passed",
              "speed": "fast",
              "pass": true,
              "fail": false,
              "pending": false,
              "context": null,
              "code": "cy.request({\n  method: \"POST\",\n  url: `${baseUrl}/orders/add`,\n  headers: {\n    Authorization: `Bearer ${token}`\n  },\n  body: {\n    product: \"/api/products/3\",\n    quantity: 1\n  },\n  failOnStatusCode: false\n}).then(resp => {\n  expect(resp.status).to.not.eq(200);\n});",
              "err": {},
              "uuid": "99f8c117-6c4c-49f9-8b56-169db4c72500",
              "parentUUID": "3bdf7af6-ddd4-46fd-9377-912fe37b5438",
              "isHook": false,
              "skipped": false
            },
            {
              "title": "GET /products/1 doit retourner 404 - ID inexistant en BDD",
              "fullTitle": "Tests API GET /products/1 doit retourner 404 - ID inexistant en BDD",
              "timedOut": null,
              "duration": 526,
              "state": "passed",
              "speed": "fast",
              "pass": true,
              "fail": false,
              "pending": false,
              "context": null,
              "code": "cy.request({\n  method: \"GET\",\n  url: `${baseUrl}/products/1`,\n  headers: {\n    Authorization: `Bearer ${token}`\n  },\n  failOnStatusCode: false\n}).then(resp => {\n  expect(resp.status).to.eq(404);\n});",
              "err": {},
              "uuid": "59772c76-ab73-46f4-b534-673859f92cdc",
              "parentUUID": "3bdf7af6-ddd4-46fd-9377-912fe37b5438",
              "isHook": false,
              "skipped": false
            },
            {
              "title": "POST /reviews doit ajouter un avis",
              "fullTitle": "Tests API POST /reviews doit ajouter un avis",
              "timedOut": null,
              "duration": 530,
              "state": "passed",
              "speed": "fast",
              "pass": true,
              "fail": false,
              "pending": false,
              "context": null,
              "code": "cy.request({\n  method: \"POST\",\n  url: `${baseUrl}/reviews`,\n  headers: {\n    Authorization: `Bearer ${token}`\n  },\n  body: {\n    title: \"Super produit\",\n    comment: \"Très bon savon !\",\n    rating: 5\n  }\n}).then(resp => {\n  expect(resp.status).to.eq(200);\n});",
              "err": {},
              "uuid": "bb0aa94d-7993-4613-a7ed-a11819f4b2e4",
              "parentUUID": "3bdf7af6-ddd4-46fd-9377-912fe37b5438",
              "isHook": false,
              "skipped": false
            }
          ],
          "suites": [],
          "passes": [
            "b82a6cbe-1be5-419f-ab34-15ff780a099a",
            "6e6db48c-974e-4bb3-b15b-cb82256bb2d5",
            "b890ad9e-a0a6-419e-b2fb-89f866b060c5",
            "1c7f044b-daef-47d2-a578-b4e9573be1e6",
            "4a3c40a1-ba86-4a82-9d9d-0955efe37b17",
            "6e607ec3-45ac-49fe-a010-0afcdf28ae2c",
            "7e7e9018-8689-4813-a636-f05af8e049de",
            "771855fe-f1ea-490a-bb5b-2b6c916a6604",
            "99f8c117-6c4c-49f9-8b56-169db4c72500",
            "59772c76-ab73-46f4-b534-673859f92cdc",
            "bb0aa94d-7993-4613-a7ed-a11819f4b2e4"
          ],
          "failures": [
            "acdcd643-3914-4dbc-921b-33f7973c61a2"
          ],
          "pending": [],
          "skipped": [],
          "duration": 6806,
          "root": false,
          "rootEmpty": false,
          "_timeout": 2000
        }
      ],
      "passes": [],
      "failures": [],
      "pending": [],
      "skipped": [],
      "duration": 0,
      "root": true,
      "rootEmpty": true,
      "_timeout": 2000
    }
  ],
  "meta": {
    "mocha": {
      "version": "7.2.0"
    },
    "mochawesome": {
      "options": {
        "quiet": false,
        "reportFilename": "mochawesome",
        "saveHtml": false,
        "saveJson": true,
        "consoleReporter": "spec",
        "useInlineDiffs": false,
        "code": true
      },
      "version": "7.1.4"
    },
    "marge": {
      "options": {
        "reportDir": "mochawesome-report",
        "overwrite": false,
        "html": false,
        "json": true
      },
      "version": "6.3.2"
    }
  }
}