{
  "stats": {
    "suites": 5,
    "tests": 16,
    "passes": 14,
    "pending": 0,
    "failures": 2,
    "testsRegistered": 16,
    "passPercent": 87.5,
    "pendingPercent": 0,
    "other": 0,
    "hasOther": false,
    "skipped": 0,
    "hasSkipped": false,
    "start": "2026-04-08T22:28:30.597Z",
    "end": "2026-04-08T22:28:47.936Z",
    "duration": 17339
  },
  "results": [
    {
      "uuid": "a5368390-4d75-4eee-9dc7-c422b174eef7",
      "title": "",
      "fullFile": "cypress/e2e/cart.cy.js",
      "file": "cypress/e2e/cart.cy.js",
      "beforeHooks": [],
      "afterHooks": [],
      "tests": [],
      "suites": [
        {
          "uuid": "80177646-6d27-466d-a9cf-e94dbffd9090",
          "title": "Scénario fonctionnel - Panier",
          "fullFile": "",
          "file": "",
          "beforeHooks": [],
          "afterHooks": [],
          "tests": [
            {
              "title": "Ajouter un produit au panier",
              "fullTitle": "Scénario fonctionnel - Panier Ajouter un produit au panier",
              "timedOut": null,
              "duration": 1646,
              "state": "passed",
              "speed": "fast",
              "pass": true,
              "fail": false,
              "pending": false,
              "context": null,
              "code": "cy.visit(\"/#/products/5\");\ncy.contains(\"en stock\").should(\"be.visible\");\ncy.contains(\"Ajouter au panier\").click();\ncy.contains(\"Mon panier\").should(\"be.visible\");",
              "err": {},
              "uuid": "3e4af325-d868-4d1c-9b47-51274c24870d",
              "parentUUID": "80177646-6d27-466d-a9cf-e94dbffd9090",
              "isHook": false,
              "skipped": false
            },
            {
              "title": "Le panier affiche la page commande",
              "fullTitle": "Scénario fonctionnel - Panier Le panier affiche la page commande",
              "timedOut": null,
              "duration": 1148,
              "state": "passed",
              "speed": "fast",
              "pass": true,
              "fail": false,
              "pending": false,
              "context": null,
              "code": "cy.visit(\"/#/cart\");\ncy.contains(\"Commande\").should(\"be.visible\");\ncy.contains(\"Panier\").should(\"be.visible\");",
              "err": {},
              "uuid": "c9a9f627-ff94-40d4-9fb2-da4df8065506",
              "parentUUID": "80177646-6d27-466d-a9cf-e94dbffd9090",
              "isHook": false,
              "skipped": false
            },
            {
              "title": "Valider une commande depuis le panier",
              "fullTitle": "Scénario fonctionnel - Panier Valider une commande depuis le panier",
              "timedOut": null,
              "duration": 2260,
              "state": "passed",
              "speed": "fast",
              "pass": true,
              "fail": false,
              "pending": false,
              "context": null,
              "code": "cy.visit(\"/#/products/5\");\ncy.contains(\"en stock\").should(\"be.visible\");\ncy.contains(\"Ajouter au panier\").click();\ncy.wait(1000);\ncy.visit(\"/#/cart\");\ncy.contains(\"Votre panier est vide\").should(\"not.exist\");\ncy.contains(\"Commande\").should(\"be.visible\");",
              "err": {},
              "uuid": "817338fb-1eee-404b-9a74-005708b81a39",
              "parentUUID": "80177646-6d27-466d-a9cf-e94dbffd9090",
              "isHook": false,
              "skipped": false
            }
          ],
          "suites": [],
          "passes": [
            "3e4af325-d868-4d1c-9b47-51274c24870d",
            "c9a9f627-ff94-40d4-9fb2-da4df8065506",
            "817338fb-1eee-404b-9a74-005708b81a39"
          ],
          "failures": [],
          "pending": [],
          "skipped": [],
          "duration": 5054,
          "root": false,
          "rootEmpty": false,
          "_timeout": 2000
        }
      ],
      "passes": [],
      "failures": [],
      "pending": [],
      "skipped": [],
      "duration": 0,
      "root": true,
      "rootEmpty": true,
      "_timeout": 2000
    },
    {
      "uuid": "0d11673f-1b86-496e-b3da-978bbb6e334c",
      "title": "",
      "fullFile": "cypress/e2e/login.cy.js",
      "file": "cypress/e2e/login.cy.js",
      "beforeHooks": [],
      "afterHooks": [],
      "tests": [],
      "suites": [
        {
          "uuid": "94fa185c-ba8a-4730-9ec1-4c5f5acae193",
          "title": "Scénario fonctionnel - Connexion",
          "fullFile": "",
          "file": "",
          "beforeHooks": [],
          "afterHooks": [],
          "tests": [
            {
              "title": "La page de connexion affiche bien le formulaire",
              "fullTitle": "Scénario fonctionnel - Connexion La page de connexion affiche bien le formulaire",
              "timedOut": null,
              "duration": 161,
              "state": "passed",
              "speed": "fast",
              "pass": true,
              "fail": false,
              "pending": false,
              "context": null,
              "code": "cy.get('[data-cy=\"login-input-username\"]').should(\"be.visible\");\ncy.get('input[type=\"password\"]').should(\"be.visible\");\ncy.get('[data-cy=\"login-submit\"]').should(\"be.visible\");",
              "err": {},
              "uuid": "1d77f58c-e8be-46de-95e7-292f18d4a1ae",
              "parentUUID": "94fa185c-ba8a-4730-9ec1-4c5f5acae193",
              "isHook": false,
              "skipped": false
            },
            {
              "title": "Connexion réussie avec des identifiants valides",
              "fullTitle": "Scénario fonctionnel - Connexion Connexion réussie avec des identifiants valides",
              "timedOut": null,
              "duration": 1160,
              "state": "passed",
              "speed": "fast",
              "pass": true,
              "fail": false,
              "pending": false,
              "context": null,
              "code": "cy.fixture(\"credentials\").then(credentials => {\n  cy.get('[data-cy=\"login-input-username\"]').type(credentials.email);\n  cy.get('input[type=\"password\"]').type(credentials.password);\n  cy.get('[data-cy=\"login-submit\"]').click();\n  cy.contains(\"Déconnexion\", {\n    timeout: 10000\n  }).should(\"be.visible\");\n  cy.contains(\"Mon panier\").should(\"be.visible\");\n});",
              "err": {},
              "uuid": "0a3d7f26-f41b-4dbd-9f4d-66332e1bab2d",
              "parentUUID": "94fa185c-ba8a-4730-9ec1-4c5f5acae193",
              "isHook": false,
              "skipped": false
            },
            {
              "title": "Connexion échouée avec des identifiants invalides",
              "fullTitle": "Scénario fonctionnel - Connexion Connexion échouée avec des identifiants invalides",
              "timedOut": null,
              "duration": 697,
              "state": "passed",
              "speed": "fast",
              "pass": true,
              "fail": false,
              "pending": false,
              "context": null,
              "code": "cy.get('[data-cy=\"login-input-username\"]').type(\"mauvais@email.fr\");\ncy.get('input[type=\"password\"]').type(\"mauvaismdp\");\ncy.get('[data-cy=\"login-submit\"]').click();\ncy.url().should(\"include\", \"/login\");",
              "err": {},
              "uuid": "b89eeb1e-1441-4541-95b8-e20dad0629bc",
              "parentUUID": "94fa185c-ba8a-4730-9ec1-4c5f5acae193",
              "isHook": false,
              "skipped": false
            }
          ],
          "suites": [],
          "passes": [
            "1d77f58c-e8be-46de-95e7-292f18d4a1ae",
            "0a3d7f26-f41b-4dbd-9f4d-66332e1bab2d",
            "b89eeb1e-1441-4541-95b8-e20dad0629bc"
          ],
          "failures": [],
          "pending": [],
          "skipped": [],
          "duration": 2018,
          "root": false,
          "rootEmpty": false,
          "_timeout": 2000
        }
      ],
      "passes": [],
      "failures": [],
      "pending": [],
      "skipped": [],
      "duration": 0,
      "root": true,
      "rootEmpty": true,
      "_timeout": 2000
    },
    {
      "uuid": "51a433f9-9161-473f-9a84-41b6e35e4769",
      "title": "",
      "fullFile": "cypress/e2e/smoke.cy.js",
      "file": "cypress/e2e/smoke.cy.js",
      "beforeHooks": [],
      "afterHooks": [],
      "tests": [],
      "suites": [
        {
          "uuid": "82faf658-94ff-42e3-8ba4-3f4a324ad060",
          "title": "Smoke Tests",
          "fullFile": "",
          "file": "",
          "beforeHooks": [],
          "afterHooks": [],
          "tests": [
            {
              "title": "La page de connexion affiche les champs et le bouton",
              "fullTitle": "Smoke Tests La page de connexion affiche les champs et le bouton",
              "timedOut": null,
              "duration": 154,
              "state": "passed",
              "speed": "fast",
              "pass": true,
              "fail": false,
              "pending": false,
              "context": null,
              "code": "cy.visit(\"/#/login\");\ncy.get('[data-cy=\"login-input-username\"]').should(\"be.visible\");\ncy.get('input[type=\"password\"]').should(\"be.visible\");\ncy.get('[data-cy=\"login-submit\"]').should(\"be.visible\");",
              "err": {},
              "uuid": "52359bb3-02d2-498f-8d40-367b5ce0dbea",
              "parentUUID": "82faf658-94ff-42e3-8ba4-3f4a324ad060",
              "isHook": false,
              "skipped": false
            },
            {
              "title": "Le bouton \"Ajouter au panier\" est visible sur une fiche produit quand connecté",
              "fullTitle": "Smoke Tests Le bouton \"Ajouter au panier\" est visible sur une fiche produit quand connecté",
              "timedOut": null,
              "duration": 1216,
              "state": "passed",
              "speed": "fast",
              "pass": true,
              "fail": false,
              "pending": false,
              "context": null,
              "code": "cy.loginByForm();\ncy.visit(\"/#/products/5\");\ncy.contains(\"Ajouter au panier\").should(\"be.visible\");",
              "err": {},
              "uuid": "139a20a7-dc2d-4a2d-a701-4c256880fdb2",
              "parentUUID": "82faf658-94ff-42e3-8ba4-3f4a324ad060",
              "isHook": false,
              "skipped": false
            }
          ],
          "suites": [],
          "passes": [
            "52359bb3-02d2-498f-8d40-367b5ce0dbea",
            "139a20a7-dc2d-4a2d-a701-4c256880fdb2"
          ],
          "failures": [],
          "pending": [],
          "skipped": [],
          "duration": 1370,
          "root": false,
          "rootEmpty": false,
          "_timeout": 2000
        }
      ],
      "passes": [],
      "failures": [],
      "pending": [],
      "skipped": [],
      "duration": 0,
      "root": true,
      "rootEmpty": true,
      "_timeout": 2000
    },
    {
      "uuid": "5c3054dc-574b-4f91-b19c-94b37d1dc577",
      "title": "",
      "fullFile": "cypress/e2e/xss.cy.js",
      "file": "cypress/e2e/xss.cy.js",
      "beforeHooks": [],
      "afterHooks": [],
      "tests": [],
      "suites": [
        {
          "uuid": "fe8e11cb-3b6f-4269-85d8-86389c499c89",
          "title": "Test faille XSS",
          "fullFile": "",
          "file": "",
          "beforeHooks": [],
          "afterHooks": [],
          "tests": [
            {
              "title": "Le script XSS ne doit pas être exécuté dans les commentaires",
              "fullTitle": "Test faille XSS Le script XSS ne doit pas être exécuté dans les commentaires",
              "timedOut": null,
              "duration": 2085,
              "state": "passed",
              "speed": "fast",
              "pass": true,
              "fail": false,
              "pending": false,
              "context": null,
              "code": "cy.get('[data-cy=\"review-input-title\"]').type(\"Test XSS\");\ncy.get('[data-cy=\"review-input-comment\"]').type('<script>alert(\"XSS\")</script>');\ncy.get('[data-cy=\"review-submit\"]').click();\ncy.on(\"window:alert\", () => {\n  throw new Error(\"Faille XSS détectée : une popup alert a été déclenchée !\");\n});\ncy.get(\"app-reviews\").should(\"not.contain\", \"<script>\");",
              "err": {},
              "uuid": "bde45cd7-402d-4545-8580-ec8c674f6a2c",
              "parentUUID": "fe8e11cb-3b6f-4269-85d8-86389c499c89",
              "isHook": false,
              "skipped": false
            }
          ],
          "suites": [],
          "passes": [
            "bde45cd7-402d-4545-8580-ec8c674f6a2c"
          ],
          "failures": [],
          "pending": [],
          "skipped": [],
          "duration": 2085,
          "root": false,
          "rootEmpty": false,
          "_timeout": 2000
        }
      ],
      "passes": [],
      "failures": [],
      "pending": [],
      "skipped": [],
      "duration": 0,
      "root": true,
      "rootEmpty": true,
      "_timeout": 2000
    },
    {
      "uuid": "874ea9ce-ee6e-41d2-92c7-75b3ecc8fdce",
      "title": "",
      "fullFile": "cypress/e2e/api.cy.js",
      "file": "cypress/e2e/api.cy.js",
      "beforeHooks": [],
      "afterHooks": [],
      "tests": [],
      "suites": [
        {
          "uuid": "bc4d1952-b0a5-45f3-9456-290e368e8d6f",
          "title": "Tests API",
          "fullFile": "",
          "file": "",
          "beforeHooks": [],
          "afterHooks": [],
          "tests": [
            {
              "title": "GET /orders sans token doit retourner 401",
              "fullTitle": "Tests API GET /orders sans token doit retourner 401",
              "timedOut": null,
              "duration": 554,
              "state": "passed",
              "speed": "fast",
              "pass": true,
              "fail": false,
              "pending": false,
              "context": null,
              "code": "cy.request({\n  method: \"GET\",\n  url: `${baseUrl}/orders`,\n  failOnStatusCode: false\n}).then(resp => {\n  expect(resp.status).to.eq(401);\n});",
              "err": {},
              "uuid": "0d46c535-09a6-476f-b8fe-296931b53994",
              "parentUUID": "bc4d1952-b0a5-45f3-9456-290e368e8d6f",
              "isHook": false,
              "skipped": false
            },
            {
              "title": "GET /orders connecté doit retourner 200",
              "fullTitle": "Tests API GET /orders connecté doit retourner 200",
              "timedOut": null,
              "duration": 545,
              "state": "passed",
              "speed": "fast",
              "pass": true,
              "fail": false,
              "pending": false,
              "context": null,
              "code": "cy.request({\n  method: \"GET\",\n  url: `${baseUrl}/orders`,\n  headers: {\n    Authorization: `Bearer ${token}`\n  },\n  failOnStatusCode: false\n}).then(resp => {\n  // Bug connu : retourne 404 au lieu de 200\n  expect(resp.status).to.eq(200);\n});",
              "err": {},
              "uuid": "d9dce6ad-3bac-47eb-bec6-b7d7b99b8a44",
              "parentUUID": "bc4d1952-b0a5-45f3-9456-290e368e8d6f",
              "isHook": false,
              "skipped": false
            },
            {
              "title": "GET /products/{id} doit retourner la fiche produit",
              "fullTitle": "Tests API GET /products/{id} doit retourner la fiche produit",
              "timedOut": null,
              "duration": 651,
              "state": "failed",
              "speed": null,
              "pass": false,
              "fail": true,
              "pending": false,
              "context": null,
              "code": "cy.request({\n  method: \"GET\",\n  url: `${baseUrl}/products/1`,\n  headers: {\n    Authorization: `Bearer ${token}`\n  },\n  failOnStatusCode: false\n}).then(resp => {\n  // Bug connu : retourne 404 au lieu de 200\n  expect(resp.status).to.eq(200);\n  expect(resp.body).to.have.property(\"name\");\n  expect(resp.body).to.have.property(\"price\");\n});",
              "err": {
                "message": "AssertionError: expected 404 to equal 200",
                "estack": "AssertionError: expected 404 to equal 200\n    at Context.eval (webpack://eco-bliss-bath/./cypress/e2e/api.cy.js:46:29)\n    at getRet (http://localhost:4200/__cypress/runner/cypress_runner.js:122798:20)\n    at tryCatcher (http://localhost:4200/__cypress/runner/cypress_runner.js:1777:23)\n    at Promise.attempt.Promise.try (http://localhost:4200/__cypress/runner/cypress_runner.js:4285:29)\n    at Context.thenFn (http://localhost:4200/__cypress/runner/cypress_runner.js:122809:66)\n    at Context.then (http://localhost:4200/__cypress/runner/cypress_runner.js:123060:21)",
                "diff": "- 404\n+ 200\n"
              },
              "uuid": "22b2c4fc-16c8-4e80-9a07-dfdfed821257",
              "parentUUID": "bc4d1952-b0a5-45f3-9456-290e368e8d6f",
              "isHook": false,
              "skipped": false
            },
            {
              "title": "POST /login utilisateur inconnu doit retourner 401",
              "fullTitle": "Tests API POST /login utilisateur inconnu doit retourner 401",
              "timedOut": null,
              "duration": 536,
              "state": "passed",
              "speed": "fast",
              "pass": true,
              "fail": false,
              "pending": false,
              "context": null,
              "code": "cy.request({\n  method: \"POST\",\n  url: `${baseUrl}/login`,\n  body: {\n    username: \"inconnu@test.fr\",\n    password: \"wrongpassword\"\n  },\n  failOnStatusCode: false\n}).then(resp => {\n  expect(resp.status).to.eq(401);\n});",
              "err": {},
              "uuid": "29da67fc-da15-4505-bc9b-921738e74f3d",
              "parentUUID": "bc4d1952-b0a5-45f3-9456-290e368e8d6f",
              "isHook": false,
              "skipped": false
            },
            {
              "title": "POST /login utilisateur connu doit retourner 200",
              "fullTitle": "Tests API POST /login utilisateur connu doit retourner 200",
              "timedOut": null,
              "duration": 900,
              "state": "passed",
              "speed": "fast",
              "pass": true,
              "fail": false,
              "pending": false,
              "context": null,
              "code": "cy.request({\n  method: \"POST\",\n  url: `${baseUrl}/login`,\n  body: credentials\n}).then(resp => {\n  expect(resp.status).to.eq(200);\n  expect(resp.body).to.have.property(\"token\");\n});",
              "err": {},
              "uuid": "62d46c3e-1a95-4cf1-839d-107ec300ae47",
              "parentUUID": "bc4d1952-b0a5-45f3-9456-290e368e8d6f",
              "isHook": false,
              "skipped": false
            },
            {
              "title": "PUT /orders/add doit ajouter un produit au panier",
              "fullTitle": "Tests API PUT /orders/add doit ajouter un produit au panier",
              "timedOut": null,
              "duration": 662,
              "state": "failed",
              "speed": null,
              "pass": false,
              "fail": true,
              "pending": false,
              "context": null,
              "code": "cy.request({\n  method: \"PUT\",\n  url: `${baseUrl}/orders/add`,\n  headers: {\n    Authorization: `Bearer ${token}`\n  },\n  body: {\n    product: \"/api/products/1\",\n    quantity: 1\n  },\n  failOnStatusCode: false\n}).then(resp => {\n  // Bug connu : retourne 400 au lieu de 200\n  expect(resp.status).to.eq(200);\n});",
              "err": {
                "message": "AssertionError: expected 400 to equal 200",
                "estack": "AssertionError: expected 400 to equal 200\n    at Context.eval (webpack://eco-bliss-bath/./cypress/e2e/api.cy.js:83:29)\n    at getRet (http://localhost:4200/__cypress/runner/cypress_runner.js:122798:20)\n    at tryCatcher (http://localhost:4200/__cypress/runner/cypress_runner.js:1777:23)\n    at Promise.attempt.Promise.try (http://localhost:4200/__cypress/runner/cypress_runner.js:4285:29)\n    at Context.thenFn (http://localhost:4200/__cypress/runner/cypress_runner.js:122809:66)\n    at Context.then (http://localhost:4200/__cypress/runner/cypress_runner.js:123060:21)",
                "diff": "- 400\n+ 200\n"
              },
              "uuid": "c51e8c4b-4c6a-4b7f-a6c1-900b69dd8352",
              "parentUUID": "bc4d1952-b0a5-45f3-9456-290e368e8d6f",
              "isHook": false,
              "skipped": false
            },
            {
              "title": "POST /reviews doit ajouter un avis",
              "fullTitle": "Tests API POST /reviews doit ajouter un avis",
              "timedOut": null,
              "duration": 545,
              "state": "passed",
              "speed": "fast",
              "pass": true,
              "fail": false,
              "pending": false,
              "context": null,
              "code": "cy.request({\n  method: \"POST\",\n  url: `${baseUrl}/reviews`,\n  headers: {\n    Authorization: `Bearer ${token}`\n  },\n  body: {\n    title: \"Super produit\",\n    comment: \"Très bon savon !\",\n    rating: 5\n  }\n}).then(resp => {\n  expect(resp.status).to.eq(200);\n});",
              "err": {},
              "uuid": "2e1e8f28-affd-4abb-9d79-7a17f94bb4ec",
              "parentUUID": "bc4d1952-b0a5-45f3-9456-290e368e8d6f",
              "isHook": false,
              "skipped": false
            }
          ],
          "suites": [],
          "passes": [
            "0d46c535-09a6-476f-b8fe-296931b53994",
            "d9dce6ad-3bac-47eb-bec6-b7d7b99b8a44",
            "29da67fc-da15-4505-bc9b-921738e74f3d",
            "62d46c3e-1a95-4cf1-839d-107ec300ae47",
            "2e1e8f28-affd-4abb-9d79-7a17f94bb4ec"
          ],
          "failures": [
            "22b2c4fc-16c8-4e80-9a07-dfdfed821257",
            "c51e8c4b-4c6a-4b7f-a6c1-900b69dd8352"
          ],
          "pending": [],
          "skipped": [],
          "duration": 4393,
          "root": false,
          "rootEmpty": false,
          "_timeout": 2000
        }
      ],
      "passes": [],
      "failures": [],
      "pending": [],
      "skipped": [],
      "duration": 0,
      "root": true,
      "rootEmpty": true,
      "_timeout": 2000
    }
  ],
  "meta": {
    "mocha": {
      "version": "7.2.0"
    },
    "mochawesome": {
      "options": {
        "quiet": false,
        "reportFilename": "mochawesome",
        "saveHtml": false,
        "saveJson": true,
        "consoleReporter": "spec",
        "useInlineDiffs": false,
        "code": true
      },
      "version": "7.1.4"
    },
    "marge": {
      "options": {
        "reportDir": "mochawesome-report",
        "overwrite": false,
        "html": false,
        "json": true
      },
      "version": "6.3.2"
    }
  }
}